终端机在文法中未使用

    IDS
    IDA
    PPLUS
    MMINUS
    MINUSASSIGNOP
    PLUSASSIGNOP
    DIVASSIGNOP
    STARASSIGNOP


语法

    0 $accept: program $end

    1 program: ExtDefList

    2 ExtDefList: %empty
    3           | ExtDef ExtDefList

    4 ExtDef: Specifier ExtDecList SEMI
    5       | StructDef SEMI
    6       | Specifier SEMI
    7       | Specifier FuncDec CompSt
    8       | error SEMI

    9 ExtDecList: VarDec
   10           | VarDec COMMA ExtDecList

   11 Specifier: TYPE
   12          | StructDec

   13 StructDec: STRUCT Tag

   14 Tag: ID

   15 StructDef: STRUCT OptTag LC DefList RC

   16 OptTag: %empty
   17       | ID

   18 ArrayList: LB Exp RB ArrayList
   19          | LB Exp RB

   20 VarDec: ID
   21       | STAR ID
   22       | ADDR ID
   23       | VarDec ArrayList

   24 FuncDec: ID LP VarList RP
   25        | ID LP RP

   26 VarList: ParamDec
   27        | ParamDec COMMA VarList

   28 ParamDec: Specifier VarDec

   29 CompSt: LC DefList StmList RC

   30 StmList: %empty
   31        | Stmt StmList

   32 Stmt: Exp SEMI
   33     | CompSt
   34     | RETURN Exp SEMI
   35     | IF LP Exp RP Stmt
   36     | IF LP Exp RP Stmt ELSE Stmt
   37     | WHILE LP Exp RP Stmt
   38     | FOR LP ForDec RP Stmt

   39 ForDec: Exp SEMI Exp SEMI Exp
   40       | SEMI Exp SEMI

   41 DefList: %empty
   42        | Def DefList

   43 Def: Specifier DecList SEMI

   44 DecList: Dec
   45        | Dec COMMA DecList

   46 Dec: VarDec
   47    | VarDec ASSIGNOP Exp

   48 Exp: Exp ASSIGNOP Exp
   49    | Exp AND Exp
   50    | Exp OR Exp
   51    | Exp RELOP Exp
   52    | Exp PLUS Exp
   53    | Exp PLUS PLUS
   54    | Exp PLUS ASSIGNOP Exp
   55    | Exp MINUS Exp
   56    | Exp MINUS MINUS
   57    | Exp MINUS ASSIGNOP Exp
   58    | Exp STAR Exp
   59    | Exp STAR ASSIGNOP Exp
   60    | Exp DIV Exp
   61    | Exp DIV ASSIGNOP Exp
   62    | LP Exp RP
   63    | MINUS Exp
   64    | NOT Exp
   65    | ID LP Args RP
   66    | ID LP RP
   67    | Exp ArrayList
   68    | Exp DOT Exp
   69    | STAR ID
   70    | ADDR ID
   71    | ID
   72    | INT
   73    | FLOAT
   74    | CHAR
   75    | STRING

   76 Args: Exp COMMA Args
   77     | Exp


终结语词，附有它们出现处的规则

    $end (0) 0
    error (256) 8
    INT <type_int> (258) 72
    ID <type_id> (259) 14 17 20 21 22 24 25 65 66 69 70 71
    IDS <type_id> (260)
    IDA <type_id> (261)
    RELOP <type_id> (262) 51
    TYPE <type_id> (263) 11
    FLOAT <type_float> (264) 73
    CHAR <type_char> (265) 74
    STRING <type_string> (266) 75
    STRUCT (267) 13 15
    LP (268) 24 25 35 36 37 38 62 65 66
    RP (269) 24 25 35 36 37 38 62 65 66
    LB (270) 18 19
    RB (271) 18 19
    LC (272) 15 29
    RC (273) 15 29
    SEMI (274) 4 5 6 8 32 34 39 40 43
    COMMA (275) 10 27 45 76
    DOT (276) 68
    PPLUS (277)
    MMINUS (278)
    PLUS (279) 52 53 54
    MINUS (280) 55 56 57 63
    ADDR (281) 22 70
    STAR (282) 21 58 59 69
    DIV (283) 60 61
    ASSIGNOP (284) 47 48 54 57 59 61
    MINUSASSIGNOP (285)
    PLUSASSIGNOP (286)
    DIVASSIGNOP (287)
    STARASSIGNOP (288)
    AND (289) 49
    OR (290) 50
    NOT (291) 64
    IF (292) 35 36
    ELSE (293) 36
    WHILE (294) 37
    FOR (295) 38
    RETURN (296) 34
    UMINUS (297)
    LOWER_THEN_ELSE (298)


非终结语词，附有它们出现处的规则

    $accept (44)
        on left: 0
    program <ptr> (45)
        on left: 1
        on right: 0
    ExtDefList <ptr> (46)
        on left: 2 3
        on right: 1 3
    ExtDef <ptr> (47)
        on left: 4 5 6 7 8
        on right: 3
    ExtDecList <ptr> (48)
        on left: 9 10
        on right: 4 10
    Specifier <ptr> (49)
        on left: 11 12
        on right: 4 6 7 28 43
    StructDec <ptr> (50)
        on left: 13
        on right: 12
    Tag <ptr> (51)
        on left: 14
        on right: 13
    StructDef <ptr> (52)
        on left: 15
        on right: 5
    OptTag <ptr> (53)
        on left: 16 17
        on right: 15
    ArrayList <ptr> (54)
        on left: 18 19
        on right: 18 23 67
    VarDec <ptr> (55)
        on left: 20 21 22 23
        on right: 9 10 23 28 46 47
    FuncDec <ptr> (56)
        on left: 24 25
        on right: 7
    VarList <ptr> (57)
        on left: 26 27
        on right: 24 27
    ParamDec <ptr> (58)
        on left: 28
        on right: 26 27
    CompSt <ptr> (59)
        on left: 29
        on right: 7 33
    StmList <ptr> (60)
        on left: 30 31
        on right: 29 31
    Stmt <ptr> (61)
        on left: 32 33 34 35 36 37 38
        on right: 31 35 36 37 38
    ForDec <ptr> (62)
        on left: 39 40
        on right: 38
    DefList <ptr> (63)
        on left: 41 42
        on right: 15 29 42
    Def <ptr> (64)
        on left: 43
        on right: 42
    DecList <ptr> (65)
        on left: 44 45
        on right: 43 45
    Dec <ptr> (66)
        on left: 46 47
        on right: 44 45
    Exp <ptr> (67)
        on left: 48 49 50 51 52 53 54 55 56 57 58 59 60 61 62 63 64 65 66 67 68 69 70 71 72 73 74 75
        on right: 18 19 32 34 35 36 37 39 40 47 48 49 50 51 52 53 54 55 56 57 58 59 60 61 62 63 64 67 68 76 77
    Args <ptr> (68)
        on left: 76 77
        on right: 65 76


状态 0

    0 $accept: . program $end

    error   偏移，并进入状态 1
    TYPE    偏移，并进入状态 2
    STRUCT  偏移，并进入状态 3

    $end  使用规则 2 以归约 (ExtDefList)

    program     转到状态 4
    ExtDefList  转到状态 5
    ExtDef      转到状态 6
    Specifier   转到状态 7
    StructDec   转到状态 8
    StructDef   转到状态 9


状态 1

    8 ExtDef: error . SEMI

    SEMI  偏移，并进入状态 10


状态 2

   11 Specifier: TYPE .

    $default  使用规则 11 以归约 (Specifier)


状态 3

   13 StructDec: STRUCT . Tag
   15 StructDef: STRUCT . OptTag LC DefList RC

    ID  偏移，并进入状态 11

    $default  使用规则 16 以归约 (OptTag)

    Tag     转到状态 12
    OptTag  转到状态 13


状态 4

    0 $accept: program . $end

    $end  偏移，并进入状态 14


状态 5

    1 program: ExtDefList .

    $default  使用规则 1 以归约 (program)


状态 6

    3 ExtDefList: ExtDef . ExtDefList

    error   偏移，并进入状态 1
    TYPE    偏移，并进入状态 2
    STRUCT  偏移，并进入状态 3

    $end  使用规则 2 以归约 (ExtDefList)

    ExtDefList  转到状态 15
    ExtDef      转到状态 6
    Specifier   转到状态 7
    StructDec   转到状态 8
    StructDef   转到状态 9


状态 7

    4 ExtDef: Specifier . ExtDecList SEMI
    6       | Specifier . SEMI
    7       | Specifier . FuncDec CompSt

    ID    偏移，并进入状态 16
    SEMI  偏移，并进入状态 17
    ADDR  偏移，并进入状态 18
    STAR  偏移，并进入状态 19

    ExtDecList  转到状态 20
    VarDec      转到状态 21
    FuncDec     转到状态 22


状态 8

   12 Specifier: StructDec .

    $default  使用规则 12 以归约 (Specifier)


状态 9

    5 ExtDef: StructDef . SEMI

    SEMI  偏移，并进入状态 23


状态 10

    8 ExtDef: error SEMI .

    $default  使用规则 8 以归约 (ExtDef)


状态 11

   14 Tag: ID .
   17 OptTag: ID .

    LC        使用规则 17 以归约 (OptTag)
    $default  使用规则 14 以归约 (Tag)


状态 12

   13 StructDec: STRUCT Tag .

    $default  使用规则 13 以归约 (StructDec)


状态 13

   15 StructDef: STRUCT OptTag . LC DefList RC

    LC  偏移，并进入状态 24


状态 14

    0 $accept: program $end .

    $default  接受


状态 15

    3 ExtDefList: ExtDef ExtDefList .

    $default  使用规则 3 以归约 (ExtDefList)


状态 16

   20 VarDec: ID .
   24 FuncDec: ID . LP VarList RP
   25        | ID . LP RP

    LP  偏移，并进入状态 25

    $default  使用规则 20 以归约 (VarDec)


状态 17

    6 ExtDef: Specifier SEMI .

    $default  使用规则 6 以归约 (ExtDef)


状态 18

   22 VarDec: ADDR . ID

    ID  偏移，并进入状态 26


状态 19

   21 VarDec: STAR . ID

    ID  偏移，并进入状态 27


状态 20

    4 ExtDef: Specifier ExtDecList . SEMI

    SEMI  偏移，并进入状态 28


状态 21

    9 ExtDecList: VarDec .
   10           | VarDec . COMMA ExtDecList
   23 VarDec: VarDec . ArrayList

    LB     偏移，并进入状态 29
    COMMA  偏移，并进入状态 30

    $default  使用规则 9 以归约 (ExtDecList)

    ArrayList  转到状态 31


状态 22

    7 ExtDef: Specifier FuncDec . CompSt

    LC  偏移，并进入状态 32

    CompSt  转到状态 33


状态 23

    5 ExtDef: StructDef SEMI .

    $default  使用规则 5 以归约 (ExtDef)


状态 24

   15 StructDef: STRUCT OptTag LC . DefList RC

    TYPE    偏移，并进入状态 2
    STRUCT  偏移，并进入状态 34

    $default  使用规则 41 以归约 (DefList)

    Specifier  转到状态 35
    StructDec  转到状态 8
    DefList    转到状态 36
    Def        转到状态 37


状态 25

   24 FuncDec: ID LP . VarList RP
   25        | ID LP . RP

    TYPE    偏移，并进入状态 2
    STRUCT  偏移，并进入状态 34
    RP      偏移，并进入状态 38

    Specifier  转到状态 39
    StructDec  转到状态 8
    VarList    转到状态 40
    ParamDec   转到状态 41


状态 26

   22 VarDec: ADDR ID .

    $default  使用规则 22 以归约 (VarDec)


状态 27

   21 VarDec: STAR ID .

    $default  使用规则 21 以归约 (VarDec)


状态 28

    4 ExtDef: Specifier ExtDecList SEMI .

    $default  使用规则 4 以归约 (ExtDef)


状态 29

   18 ArrayList: LB . Exp RB ArrayList
   19          | LB . Exp RB

    INT     偏移，并进入状态 42
    ID      偏移，并进入状态 43
    FLOAT   偏移，并进入状态 44
    CHAR    偏移，并进入状态 45
    STRING  偏移，并进入状态 46
    LP      偏移，并进入状态 47
    MINUS   偏移，并进入状态 48
    ADDR    偏移，并进入状态 49
    STAR    偏移，并进入状态 50
    NOT     偏移，并进入状态 51

    Exp  转到状态 52


状态 30

   10 ExtDecList: VarDec COMMA . ExtDecList

    ID    偏移，并进入状态 53
    ADDR  偏移，并进入状态 18
    STAR  偏移，并进入状态 19

    ExtDecList  转到状态 54
    VarDec      转到状态 21


状态 31

   23 VarDec: VarDec ArrayList .

    $default  使用规则 23 以归约 (VarDec)


状态 32

   29 CompSt: LC . DefList StmList RC

    TYPE    偏移，并进入状态 2
    STRUCT  偏移，并进入状态 34

    $default  使用规则 41 以归约 (DefList)

    Specifier  转到状态 35
    StructDec  转到状态 8
    DefList    转到状态 55
    Def        转到状态 37


状态 33

    7 ExtDef: Specifier FuncDec CompSt .

    $default  使用规则 7 以归约 (ExtDef)


状态 34

   13 StructDec: STRUCT . Tag

    ID  偏移，并进入状态 56

    Tag  转到状态 12


状态 35

   43 Def: Specifier . DecList SEMI

    ID    偏移，并进入状态 53
    ADDR  偏移，并进入状态 18
    STAR  偏移，并进入状态 19

    VarDec   转到状态 57
    DecList  转到状态 58
    Dec      转到状态 59


状态 36

   15 StructDef: STRUCT OptTag LC DefList . RC

    RC  偏移，并进入状态 60


状态 37

   42 DefList: Def . DefList

    TYPE    偏移，并进入状态 2
    STRUCT  偏移，并进入状态 34

    $default  使用规则 41 以归约 (DefList)

    Specifier  转到状态 35
    StructDec  转到状态 8
    DefList    转到状态 61
    Def        转到状态 37


状态 38

   25 FuncDec: ID LP RP .

    $default  使用规则 25 以归约 (FuncDec)


状态 39

   28 ParamDec: Specifier . VarDec

    ID    偏移，并进入状态 53
    ADDR  偏移，并进入状态 18
    STAR  偏移，并进入状态 19

    VarDec  转到状态 62


状态 40

   24 FuncDec: ID LP VarList . RP

    RP  偏移，并进入状态 63


状态 41

   26 VarList: ParamDec .
   27        | ParamDec . COMMA VarList

    COMMA  偏移，并进入状态 64

    $default  使用规则 26 以归约 (VarList)


状态 42

   72 Exp: INT .

    $default  使用规则 72 以归约 (Exp)


状态 43

   65 Exp: ID . LP Args RP
   66    | ID . LP RP
   71    | ID .

    LP  偏移，并进入状态 65

    $default  使用规则 71 以归约 (Exp)


状态 44

   73 Exp: FLOAT .

    $default  使用规则 73 以归约 (Exp)


状态 45

   74 Exp: CHAR .

    $default  使用规则 74 以归约 (Exp)


状态 46

   75 Exp: STRING .

    $default  使用规则 75 以归约 (Exp)


状态 47

   62 Exp: LP . Exp RP

    INT     偏移，并进入状态 42
    ID      偏移，并进入状态 43
    FLOAT   偏移，并进入状态 44
    CHAR    偏移，并进入状态 45
    STRING  偏移，并进入状态 46
    LP      偏移，并进入状态 47
    MINUS   偏移，并进入状态 48
    ADDR    偏移，并进入状态 49
    STAR    偏移，并进入状态 50
    NOT     偏移，并进入状态 51

    Exp  转到状态 66


状态 48

   63 Exp: MINUS . Exp

    INT     偏移，并进入状态 42
    ID      偏移，并进入状态 43
    FLOAT   偏移，并进入状态 44
    CHAR    偏移，并进入状态 45
    STRING  偏移，并进入状态 46
    LP      偏移，并进入状态 47
    MINUS   偏移，并进入状态 48
    ADDR    偏移，并进入状态 49
    STAR    偏移，并进入状态 50
    NOT     偏移，并进入状态 51

    Exp  转到状态 67


状态 49

   70 Exp: ADDR . ID

    ID  偏移，并进入状态 68


状态 50

   69 Exp: STAR . ID

    ID  偏移，并进入状态 69


状态 51

   64 Exp: NOT . Exp

    INT     偏移，并进入状态 42
    ID      偏移，并进入状态 43
    FLOAT   偏移，并进入状态 44
    CHAR    偏移，并进入状态 45
    STRING  偏移，并进入状态 46
    LP      偏移，并进入状态 47
    MINUS   偏移，并进入状态 48
    ADDR    偏移，并进入状态 49
    STAR    偏移，并进入状态 50
    NOT     偏移，并进入状态 51

    Exp  转到状态 70


状态 52

   18 ArrayList: LB Exp . RB ArrayList
   19          | LB Exp . RB
   48 Exp: Exp . ASSIGNOP Exp
   49    | Exp . AND Exp
   50    | Exp . OR Exp
   51    | Exp . RELOP Exp
   52    | Exp . PLUS Exp
   53    | Exp . PLUS PLUS
   54    | Exp . PLUS ASSIGNOP Exp
   55    | Exp . MINUS Exp
   56    | Exp . MINUS MINUS
   57    | Exp . MINUS ASSIGNOP Exp
   58    | Exp . STAR Exp
   59    | Exp . STAR ASSIGNOP Exp
   60    | Exp . DIV Exp
   61    | Exp . DIV ASSIGNOP Exp
   67    | Exp . ArrayList
   68    | Exp . DOT Exp

    RELOP     偏移，并进入状态 71
    LB        偏移，并进入状态 29
    RB        偏移，并进入状态 72
    DOT       偏移，并进入状态 73
    PLUS      偏移，并进入状态 74
    MINUS     偏移，并进入状态 75
    STAR      偏移，并进入状态 76
    DIV       偏移，并进入状态 77
    ASSIGNOP  偏移，并进入状态 78
    AND       偏移，并进入状态 79
    OR        偏移，并进入状态 80

    ArrayList  转到状态 81


状态 53

   20 VarDec: ID .

    $default  使用规则 20 以归约 (VarDec)


状态 54

   10 ExtDecList: VarDec COMMA ExtDecList .

    $default  使用规则 10 以归约 (ExtDecList)


状态 55

   29 CompSt: LC DefList . StmList RC

    INT     偏移，并进入状态 42
    ID      偏移，并进入状态 43
    FLOAT   偏移，并进入状态 44
    CHAR    偏移，并进入状态 45
    STRING  偏移，并进入状态 46
    LP      偏移，并进入状态 47
    LC      偏移，并进入状态 32
    MINUS   偏移，并进入状态 48
    ADDR    偏移，并进入状态 49
    STAR    偏移，并进入状态 50
    NOT     偏移，并进入状态 51
    IF      偏移，并进入状态 82
    WHILE   偏移，并进入状态 83
    FOR     偏移，并进入状态 84
    RETURN  偏移，并进入状态 85

    $default  使用规则 30 以归约 (StmList)

    CompSt   转到状态 86
    StmList  转到状态 87
    Stmt     转到状态 88
    Exp      转到状态 89


状态 56

   14 Tag: ID .

    $default  使用规则 14 以归约 (Tag)


状态 57

   23 VarDec: VarDec . ArrayList
   46 Dec: VarDec .
   47    | VarDec . ASSIGNOP Exp

    LB        偏移，并进入状态 29
    ASSIGNOP  偏移，并进入状态 90

    $default  使用规则 46 以归约 (Dec)

    ArrayList  转到状态 31


状态 58

   43 Def: Specifier DecList . SEMI

    SEMI  偏移，并进入状态 91


状态 59

   44 DecList: Dec .
   45        | Dec . COMMA DecList

    COMMA  偏移，并进入状态 92

    $default  使用规则 44 以归约 (DecList)


状态 60

   15 StructDef: STRUCT OptTag LC DefList RC .

    $default  使用规则 15 以归约 (StructDef)


状态 61

   42 DefList: Def DefList .

    $default  使用规则 42 以归约 (DefList)


状态 62

   23 VarDec: VarDec . ArrayList
   28 ParamDec: Specifier VarDec .

    LB  偏移，并进入状态 29

    $default  使用规则 28 以归约 (ParamDec)

    ArrayList  转到状态 31


状态 63

   24 FuncDec: ID LP VarList RP .

    $default  使用规则 24 以归约 (FuncDec)


状态 64

   27 VarList: ParamDec COMMA . VarList

    TYPE    偏移，并进入状态 2
    STRUCT  偏移，并进入状态 34

    Specifier  转到状态 39
    StructDec  转到状态 8
    VarList    转到状态 93
    ParamDec   转到状态 41


状态 65

   65 Exp: ID LP . Args RP
   66    | ID LP . RP

    INT     偏移，并进入状态 42
    ID      偏移，并进入状态 43
    FLOAT   偏移，并进入状态 44
    CHAR    偏移，并进入状态 45
    STRING  偏移，并进入状态 46
    LP      偏移，并进入状态 47
    RP      偏移，并进入状态 94
    MINUS   偏移，并进入状态 48
    ADDR    偏移，并进入状态 49
    STAR    偏移，并进入状态 50
    NOT     偏移，并进入状态 51

    Exp   转到状态 95
    Args  转到状态 96


状态 66

   48 Exp: Exp . ASSIGNOP Exp
   49    | Exp . AND Exp
   50    | Exp . OR Exp
   51    | Exp . RELOP Exp
   52    | Exp . PLUS Exp
   53    | Exp . PLUS PLUS
   54    | Exp . PLUS ASSIGNOP Exp
   55    | Exp . MINUS Exp
   56    | Exp . MINUS MINUS
   57    | Exp . MINUS ASSIGNOP Exp
   58    | Exp . STAR Exp
   59    | Exp . STAR ASSIGNOP Exp
   60    | Exp . DIV Exp
   61    | Exp . DIV ASSIGNOP Exp
   62    | LP Exp . RP
   67    | Exp . ArrayList
   68    | Exp . DOT Exp

    RELOP     偏移，并进入状态 71
    RP        偏移，并进入状态 97
    LB        偏移，并进入状态 29
    DOT       偏移，并进入状态 73
    PLUS      偏移，并进入状态 74
    MINUS     偏移，并进入状态 75
    STAR      偏移，并进入状态 76
    DIV       偏移，并进入状态 77
    ASSIGNOP  偏移，并进入状态 78
    AND       偏移，并进入状态 79
    OR        偏移，并进入状态 80

    ArrayList  转到状态 81


状态 67

   48 Exp: Exp . ASSIGNOP Exp
   49    | Exp . AND Exp
   50    | Exp . OR Exp
   51    | Exp . RELOP Exp
   52    | Exp . PLUS Exp
   53    | Exp . PLUS PLUS
   54    | Exp . PLUS ASSIGNOP Exp
   55    | Exp . MINUS Exp
   56    | Exp . MINUS MINUS
   57    | Exp . MINUS ASSIGNOP Exp
   58    | Exp . STAR Exp
   59    | Exp . STAR ASSIGNOP Exp
   60    | Exp . DIV Exp
   61    | Exp . DIV ASSIGNOP Exp
   63    | MINUS Exp .
   67    | Exp . ArrayList
   68    | Exp . DOT Exp

    LB   偏移，并进入状态 29
    DOT  偏移，并进入状态 73

    $default  使用规则 63 以归约 (Exp)

    ArrayList  转到状态 81


状态 68

   70 Exp: ADDR ID .

    $default  使用规则 70 以归约 (Exp)


状态 69

   69 Exp: STAR ID .

    $default  使用规则 69 以归约 (Exp)


状态 70

   48 Exp: Exp . ASSIGNOP Exp
   49    | Exp . AND Exp
   50    | Exp . OR Exp
   51    | Exp . RELOP Exp
   52    | Exp . PLUS Exp
   53    | Exp . PLUS PLUS
   54    | Exp . PLUS ASSIGNOP Exp
   55    | Exp . MINUS Exp
   56    | Exp . MINUS MINUS
   57    | Exp . MINUS ASSIGNOP Exp
   58    | Exp . STAR Exp
   59    | Exp . STAR ASSIGNOP Exp
   60    | Exp . DIV Exp
   61    | Exp . DIV ASSIGNOP Exp
   64    | NOT Exp .
   67    | Exp . ArrayList
   68    | Exp . DOT Exp

    LB   偏移，并进入状态 29
    DOT  偏移，并进入状态 73

    $default  使用规则 64 以归约 (Exp)

    ArrayList  转到状态 81


状态 71

   51 Exp: Exp RELOP . Exp

    INT     偏移，并进入状态 42
    ID      偏移，并进入状态 43
    FLOAT   偏移，并进入状态 44
    CHAR    偏移，并进入状态 45
    STRING  偏移，并进入状态 46
    LP      偏移，并进入状态 47
    MINUS   偏移，并进入状态 48
    ADDR    偏移，并进入状态 49
    STAR    偏移，并进入状态 50
    NOT     偏移，并进入状态 51

    Exp  转到状态 98


状态 72

   18 ArrayList: LB Exp RB . ArrayList
   19          | LB Exp RB .

    $default  使用规则 19 以归约 (ArrayList)

    ArrayList  转到状态 99


状态 73

   68 Exp: Exp DOT . Exp

    INT     偏移，并进入状态 42
    ID      偏移，并进入状态 43
    FLOAT   偏移，并进入状态 44
    CHAR    偏移，并进入状态 45
    STRING  偏移，并进入状态 46
    LP      偏移，并进入状态 47
    MINUS   偏移，并进入状态 48
    ADDR    偏移，并进入状态 49
    STAR    偏移，并进入状态 50
    NOT     偏移，并进入状态 51

    Exp  转到状态 100


状态 74

   52 Exp: Exp PLUS . Exp
   53    | Exp PLUS . PLUS
   54    | Exp PLUS . ASSIGNOP Exp

    INT       偏移，并进入状态 42
    ID        偏移，并进入状态 43
    FLOAT     偏移，并进入状态 44
    CHAR      偏移，并进入状态 45
    STRING    偏移，并进入状态 46
    LP        偏移，并进入状态 47
    PLUS      偏移，并进入状态 101
    MINUS     偏移，并进入状态 48
    ADDR      偏移，并进入状态 49
    STAR      偏移，并进入状态 50
    ASSIGNOP  偏移，并进入状态 102
    NOT       偏移，并进入状态 51

    Exp  转到状态 103


状态 75

   55 Exp: Exp MINUS . Exp
   56    | Exp MINUS . MINUS
   57    | Exp MINUS . ASSIGNOP Exp

    INT       偏移，并进入状态 42
    ID        偏移，并进入状态 43
    FLOAT     偏移，并进入状态 44
    CHAR      偏移，并进入状态 45
    STRING    偏移，并进入状态 46
    LP        偏移，并进入状态 47
    MINUS     偏移，并进入状态 104
    ADDR      偏移，并进入状态 49
    STAR      偏移，并进入状态 50
    ASSIGNOP  偏移，并进入状态 105
    NOT       偏移，并进入状态 51

    Exp  转到状态 106


状态 76

   58 Exp: Exp STAR . Exp
   59    | Exp STAR . ASSIGNOP Exp

    INT       偏移，并进入状态 42
    ID        偏移，并进入状态 43
    FLOAT     偏移，并进入状态 44
    CHAR      偏移，并进入状态 45
    STRING    偏移，并进入状态 46
    LP        偏移，并进入状态 47
    MINUS     偏移，并进入状态 48
    ADDR      偏移，并进入状态 49
    STAR      偏移，并进入状态 50
    ASSIGNOP  偏移，并进入状态 107
    NOT       偏移，并进入状态 51

    Exp  转到状态 108


状态 77

   60 Exp: Exp DIV . Exp
   61    | Exp DIV . ASSIGNOP Exp

    INT       偏移，并进入状态 42
    ID        偏移，并进入状态 43
    FLOAT     偏移，并进入状态 44
    CHAR      偏移，并进入状态 45
    STRING    偏移，并进入状态 46
    LP        偏移，并进入状态 47
    MINUS     偏移，并进入状态 48
    ADDR      偏移，并进入状态 49
    STAR      偏移，并进入状态 50
    ASSIGNOP  偏移，并进入状态 109
    NOT       偏移，并进入状态 51

    Exp  转到状态 110


状态 78

   48 Exp: Exp ASSIGNOP . Exp

    INT     偏移，并进入状态 42
    ID      偏移，并进入状态 43
    FLOAT   偏移，并进入状态 44
    CHAR    偏移，并进入状态 45
    STRING  偏移，并进入状态 46
    LP      偏移，并进入状态 47
    MINUS   偏移，并进入状态 48
    ADDR    偏移，并进入状态 49
    STAR    偏移，并进入状态 50
    NOT     偏移，并进入状态 51

    Exp  转到状态 111


状态 79

   49 Exp: Exp AND . Exp

    INT     偏移，并进入状态 42
    ID      偏移，并进入状态 43
    FLOAT   偏移，并进入状态 44
    CHAR    偏移，并进入状态 45
    STRING  偏移，并进入状态 46
    LP      偏移，并进入状态 47
    MINUS   偏移，并进入状态 48
    ADDR    偏移，并进入状态 49
    STAR    偏移，并进入状态 50
    NOT     偏移，并进入状态 51

    Exp  转到状态 112


状态 80

   50 Exp: Exp OR . Exp

    INT     偏移，并进入状态 42
    ID      偏移，并进入状态 43
    FLOAT   偏移，并进入状态 44
    CHAR    偏移，并进入状态 45
    STRING  偏移，并进入状态 46
    LP      偏移，并进入状态 47
    MINUS   偏移，并进入状态 48
    ADDR    偏移，并进入状态 49
    STAR    偏移，并进入状态 50
    NOT     偏移，并进入状态 51

    Exp  转到状态 113


状态 81

   67 Exp: Exp ArrayList .

    $default  使用规则 67 以归约 (Exp)


状态 82

   35 Stmt: IF . LP Exp RP Stmt
   36     | IF . LP Exp RP Stmt ELSE Stmt

    LP  偏移，并进入状态 114


状态 83

   37 Stmt: WHILE . LP Exp RP Stmt

    LP  偏移，并进入状态 115


状态 84

   38 Stmt: FOR . LP ForDec RP Stmt

    LP  偏移，并进入状态 116


状态 85

   34 Stmt: RETURN . Exp SEMI

    INT     偏移，并进入状态 42
    ID      偏移，并进入状态 43
    FLOAT   偏移，并进入状态 44
    CHAR    偏移，并进入状态 45
    STRING  偏移，并进入状态 46
    LP      偏移，并进入状态 47
    MINUS   偏移，并进入状态 48
    ADDR    偏移，并进入状态 49
    STAR    偏移，并进入状态 50
    NOT     偏移，并进入状态 51

    Exp  转到状态 117


状态 86

   33 Stmt: CompSt .

    $default  使用规则 33 以归约 (Stmt)


状态 87

   29 CompSt: LC DefList StmList . RC

    RC  偏移，并进入状态 118


状态 88

   31 StmList: Stmt . StmList

    INT     偏移，并进入状态 42
    ID      偏移，并进入状态 43
    FLOAT   偏移，并进入状态 44
    CHAR    偏移，并进入状态 45
    STRING  偏移，并进入状态 46
    LP      偏移，并进入状态 47
    LC      偏移，并进入状态 32
    MINUS   偏移，并进入状态 48
    ADDR    偏移，并进入状态 49
    STAR    偏移，并进入状态 50
    NOT     偏移，并进入状态 51
    IF      偏移，并进入状态 82
    WHILE   偏移，并进入状态 83
    FOR     偏移，并进入状态 84
    RETURN  偏移，并进入状态 85

    $default  使用规则 30 以归约 (StmList)

    CompSt   转到状态 86
    StmList  转到状态 119
    Stmt     转到状态 88
    Exp      转到状态 89


状态 89

   32 Stmt: Exp . SEMI
   48 Exp: Exp . ASSIGNOP Exp
   49    | Exp . AND Exp
   50    | Exp . OR Exp
   51    | Exp . RELOP Exp
   52    | Exp . PLUS Exp
   53    | Exp . PLUS PLUS
   54    | Exp . PLUS ASSIGNOP Exp
   55    | Exp . MINUS Exp
   56    | Exp . MINUS MINUS
   57    | Exp . MINUS ASSIGNOP Exp
   58    | Exp . STAR Exp
   59    | Exp . STAR ASSIGNOP Exp
   60    | Exp . DIV Exp
   61    | Exp . DIV ASSIGNOP Exp
   67    | Exp . ArrayList
   68    | Exp . DOT Exp

    RELOP     偏移，并进入状态 71
    LB        偏移，并进入状态 29
    SEMI      偏移，并进入状态 120
    DOT       偏移，并进入状态 73
    PLUS      偏移，并进入状态 74
    MINUS     偏移，并进入状态 75
    STAR      偏移，并进入状态 76
    DIV       偏移，并进入状态 77
    ASSIGNOP  偏移，并进入状态 78
    AND       偏移，并进入状态 79
    OR        偏移，并进入状态 80

    ArrayList  转到状态 81


状态 90

   47 Dec: VarDec ASSIGNOP . Exp

    INT     偏移，并进入状态 42
    ID      偏移，并进入状态 43
    FLOAT   偏移，并进入状态 44
    CHAR    偏移，并进入状态 45
    STRING  偏移，并进入状态 46
    LP      偏移，并进入状态 47
    MINUS   偏移，并进入状态 48
    ADDR    偏移，并进入状态 49
    STAR    偏移，并进入状态 50
    NOT     偏移，并进入状态 51

    Exp  转到状态 121


状态 91

   43 Def: Specifier DecList SEMI .

    $default  使用规则 43 以归约 (Def)


状态 92

   45 DecList: Dec COMMA . DecList

    ID    偏移，并进入状态 53
    ADDR  偏移，并进入状态 18
    STAR  偏移，并进入状态 19

    VarDec   转到状态 57
    DecList  转到状态 122
    Dec      转到状态 59


状态 93

   27 VarList: ParamDec COMMA VarList .

    $default  使用规则 27 以归约 (VarList)


状态 94

   66 Exp: ID LP RP .

    $default  使用规则 66 以归约 (Exp)


状态 95

   48 Exp: Exp . ASSIGNOP Exp
   49    | Exp . AND Exp
   50    | Exp . OR Exp
   51    | Exp . RELOP Exp
   52    | Exp . PLUS Exp
   53    | Exp . PLUS PLUS
   54    | Exp . PLUS ASSIGNOP Exp
   55    | Exp . MINUS Exp
   56    | Exp . MINUS MINUS
   57    | Exp . MINUS ASSIGNOP Exp
   58    | Exp . STAR Exp
   59    | Exp . STAR ASSIGNOP Exp
   60    | Exp . DIV Exp
   61    | Exp . DIV ASSIGNOP Exp
   67    | Exp . ArrayList
   68    | Exp . DOT Exp
   76 Args: Exp . COMMA Args
   77     | Exp .

    RELOP     偏移，并进入状态 71
    LB        偏移，并进入状态 29
    COMMA     偏移，并进入状态 123
    DOT       偏移，并进入状态 73
    PLUS      偏移，并进入状态 74
    MINUS     偏移，并进入状态 75
    STAR      偏移，并进入状态 76
    DIV       偏移，并进入状态 77
    ASSIGNOP  偏移，并进入状态 78
    AND       偏移，并进入状态 79
    OR        偏移，并进入状态 80

    $default  使用规则 77 以归约 (Args)

    ArrayList  转到状态 81


状态 96

   65 Exp: ID LP Args . RP

    RP  偏移，并进入状态 124


状态 97

   62 Exp: LP Exp RP .

    $default  使用规则 62 以归约 (Exp)


状态 98

   48 Exp: Exp . ASSIGNOP Exp
   49    | Exp . AND Exp
   50    | Exp . OR Exp
   51    | Exp . RELOP Exp
   51    | Exp RELOP Exp .
   52    | Exp . PLUS Exp
   53    | Exp . PLUS PLUS
   54    | Exp . PLUS ASSIGNOP Exp
   55    | Exp . MINUS Exp
   56    | Exp . MINUS MINUS
   57    | Exp . MINUS ASSIGNOP Exp
   58    | Exp . STAR Exp
   59    | Exp . STAR ASSIGNOP Exp
   60    | Exp . DIV Exp
   61    | Exp . DIV ASSIGNOP Exp
   67    | Exp . ArrayList
   68    | Exp . DOT Exp

    LB     偏移，并进入状态 29
    DOT    偏移，并进入状态 73
    PLUS   偏移，并进入状态 74
    MINUS  偏移，并进入状态 75
    STAR   偏移，并进入状态 76
    DIV    偏移，并进入状态 77

    $default  使用规则 51 以归约 (Exp)

    ArrayList  转到状态 81


状态 99

   18 ArrayList: LB Exp RB ArrayList .

    $default  使用规则 18 以归约 (ArrayList)


状态 100

   48 Exp: Exp . ASSIGNOP Exp
   49    | Exp . AND Exp
   50    | Exp . OR Exp
   51    | Exp . RELOP Exp
   52    | Exp . PLUS Exp
   53    | Exp . PLUS PLUS
   54    | Exp . PLUS ASSIGNOP Exp
   55    | Exp . MINUS Exp
   56    | Exp . MINUS MINUS
   57    | Exp . MINUS ASSIGNOP Exp
   58    | Exp . STAR Exp
   59    | Exp . STAR ASSIGNOP Exp
   60    | Exp . DIV Exp
   61    | Exp . DIV ASSIGNOP Exp
   67    | Exp . ArrayList
   68    | Exp . DOT Exp
   68    | Exp DOT Exp .

    $default  使用规则 68 以归约 (Exp)

    ArrayList  转到状态 81


状态 101

   53 Exp: Exp PLUS PLUS .

    $default  使用规则 53 以归约 (Exp)


状态 102

   54 Exp: Exp PLUS ASSIGNOP . Exp

    INT     偏移，并进入状态 42
    ID      偏移，并进入状态 43
    FLOAT   偏移，并进入状态 44
    CHAR    偏移，并进入状态 45
    STRING  偏移，并进入状态 46
    LP      偏移，并进入状态 47
    MINUS   偏移，并进入状态 48
    ADDR    偏移，并进入状态 49
    STAR    偏移，并进入状态 50
    NOT     偏移，并进入状态 51

    Exp  转到状态 125


状态 103

   48 Exp: Exp . ASSIGNOP Exp
   49    | Exp . AND Exp
   50    | Exp . OR Exp
   51    | Exp . RELOP Exp
   52    | Exp . PLUS Exp
   52    | Exp PLUS Exp .
   53    | Exp . PLUS PLUS
   54    | Exp . PLUS ASSIGNOP Exp
   55    | Exp . MINUS Exp
   56    | Exp . MINUS MINUS
   57    | Exp . MINUS ASSIGNOP Exp
   58    | Exp . STAR Exp
   59    | Exp . STAR ASSIGNOP Exp
   60    | Exp . DIV Exp
   61    | Exp . DIV ASSIGNOP Exp
   67    | Exp . ArrayList
   68    | Exp . DOT Exp

    LB    偏移，并进入状态 29
    DOT   偏移，并进入状态 73
    STAR  偏移，并进入状态 76
    DIV   偏移，并进入状态 77

    $default  使用规则 52 以归约 (Exp)

    ArrayList  转到状态 81


状态 104

   56 Exp: Exp MINUS MINUS .
   63    | MINUS . Exp

    INT     偏移，并进入状态 42
    ID      偏移，并进入状态 43
    FLOAT   偏移，并进入状态 44
    CHAR    偏移，并进入状态 45
    STRING  偏移，并进入状态 46
    LP      偏移，并进入状态 47
    ADDR    偏移，并进入状态 49
    STAR    偏移，并进入状态 50
    NOT     偏移，并进入状态 51

    $default  使用规则 56 以归约 (Exp)

    Exp  转到状态 67


状态 105

   57 Exp: Exp MINUS ASSIGNOP . Exp

    INT     偏移，并进入状态 42
    ID      偏移，并进入状态 43
    FLOAT   偏移，并进入状态 44
    CHAR    偏移，并进入状态 45
    STRING  偏移，并进入状态 46
    LP      偏移，并进入状态 47
    MINUS   偏移，并进入状态 48
    ADDR    偏移，并进入状态 49
    STAR    偏移，并进入状态 50
    NOT     偏移，并进入状态 51

    Exp  转到状态 126


状态 106

   48 Exp: Exp . ASSIGNOP Exp
   49    | Exp . AND Exp
   50    | Exp . OR Exp
   51    | Exp . RELOP Exp
   52    | Exp . PLUS Exp
   53    | Exp . PLUS PLUS
   54    | Exp . PLUS ASSIGNOP Exp
   55    | Exp . MINUS Exp
   55    | Exp MINUS Exp .
   56    | Exp . MINUS MINUS
   57    | Exp . MINUS ASSIGNOP Exp
   58    | Exp . STAR Exp
   59    | Exp . STAR ASSIGNOP Exp
   60    | Exp . DIV Exp
   61    | Exp . DIV ASSIGNOP Exp
   67    | Exp . ArrayList
   68    | Exp . DOT Exp

    LB    偏移，并进入状态 29
    DOT   偏移，并进入状态 73
    STAR  偏移，并进入状态 76
    DIV   偏移，并进入状态 77

    $default  使用规则 55 以归约 (Exp)

    ArrayList  转到状态 81


状态 107

   59 Exp: Exp STAR ASSIGNOP . Exp

    INT     偏移，并进入状态 42
    ID      偏移，并进入状态 43
    FLOAT   偏移，并进入状态 44
    CHAR    偏移，并进入状态 45
    STRING  偏移，并进入状态 46
    LP      偏移，并进入状态 47
    MINUS   偏移，并进入状态 48
    ADDR    偏移，并进入状态 49
    STAR    偏移，并进入状态 50
    NOT     偏移，并进入状态 51

    Exp  转到状态 127


状态 108

   48 Exp: Exp . ASSIGNOP Exp
   49    | Exp . AND Exp
   50    | Exp . OR Exp
   51    | Exp . RELOP Exp
   52    | Exp . PLUS Exp
   53    | Exp . PLUS PLUS
   54    | Exp . PLUS ASSIGNOP Exp
   55    | Exp . MINUS Exp
   56    | Exp . MINUS MINUS
   57    | Exp . MINUS ASSIGNOP Exp
   58    | Exp . STAR Exp
   58    | Exp STAR Exp .
   59    | Exp . STAR ASSIGNOP Exp
   60    | Exp . DIV Exp
   61    | Exp . DIV ASSIGNOP Exp
   67    | Exp . ArrayList
   68    | Exp . DOT Exp

    LB   偏移，并进入状态 29
    DOT  偏移，并进入状态 73

    $default  使用规则 58 以归约 (Exp)

    ArrayList  转到状态 81


状态 109

   61 Exp: Exp DIV ASSIGNOP . Exp

    INT     偏移，并进入状态 42
    ID      偏移，并进入状态 43
    FLOAT   偏移，并进入状态 44
    CHAR    偏移，并进入状态 45
    STRING  偏移，并进入状态 46
    LP      偏移，并进入状态 47
    MINUS   偏移，并进入状态 48
    ADDR    偏移，并进入状态 49
    STAR    偏移，并进入状态 50
    NOT     偏移，并进入状态 51

    Exp  转到状态 128


状态 110

   48 Exp: Exp . ASSIGNOP Exp
   49    | Exp . AND Exp
   50    | Exp . OR Exp
   51    | Exp . RELOP Exp
   52    | Exp . PLUS Exp
   53    | Exp . PLUS PLUS
   54    | Exp . PLUS ASSIGNOP Exp
   55    | Exp . MINUS Exp
   56    | Exp . MINUS MINUS
   57    | Exp . MINUS ASSIGNOP Exp
   58    | Exp . STAR Exp
   59    | Exp . STAR ASSIGNOP Exp
   60    | Exp . DIV Exp
   60    | Exp DIV Exp .
   61    | Exp . DIV ASSIGNOP Exp
   67    | Exp . ArrayList
   68    | Exp . DOT Exp

    LB   偏移，并进入状态 29
    DOT  偏移，并进入状态 73

    $default  使用规则 60 以归约 (Exp)

    ArrayList  转到状态 81


状态 111

   48 Exp: Exp . ASSIGNOP Exp
   48    | Exp ASSIGNOP Exp .
   49    | Exp . AND Exp
   50    | Exp . OR Exp
   51    | Exp . RELOP Exp
   52    | Exp . PLUS Exp
   53    | Exp . PLUS PLUS
   54    | Exp . PLUS ASSIGNOP Exp
   55    | Exp . MINUS Exp
   56    | Exp . MINUS MINUS
   57    | Exp . MINUS ASSIGNOP Exp
   58    | Exp . STAR Exp
   59    | Exp . STAR ASSIGNOP Exp
   60    | Exp . DIV Exp
   61    | Exp . DIV ASSIGNOP Exp
   67    | Exp . ArrayList
   68    | Exp . DOT Exp

    RELOP     偏移，并进入状态 71
    LB        偏移，并进入状态 29
    DOT       偏移，并进入状态 73
    PLUS      偏移，并进入状态 74
    MINUS     偏移，并进入状态 75
    STAR      偏移，并进入状态 76
    DIV       偏移，并进入状态 77
    ASSIGNOP  偏移，并进入状态 78
    AND       偏移，并进入状态 79
    OR        偏移，并进入状态 80

    $default  使用规则 48 以归约 (Exp)

    ArrayList  转到状态 81


状态 112

   48 Exp: Exp . ASSIGNOP Exp
   49    | Exp . AND Exp
   49    | Exp AND Exp .
   50    | Exp . OR Exp
   51    | Exp . RELOP Exp
   52    | Exp . PLUS Exp
   53    | Exp . PLUS PLUS
   54    | Exp . PLUS ASSIGNOP Exp
   55    | Exp . MINUS Exp
   56    | Exp . MINUS MINUS
   57    | Exp . MINUS ASSIGNOP Exp
   58    | Exp . STAR Exp
   59    | Exp . STAR ASSIGNOP Exp
   60    | Exp . DIV Exp
   61    | Exp . DIV ASSIGNOP Exp
   67    | Exp . ArrayList
   68    | Exp . DOT Exp

    RELOP  偏移，并进入状态 71
    LB     偏移，并进入状态 29
    DOT    偏移，并进入状态 73
    PLUS   偏移，并进入状态 74
    MINUS  偏移，并进入状态 75
    STAR   偏移，并进入状态 76
    DIV    偏移，并进入状态 77

    $default  使用规则 49 以归约 (Exp)

    ArrayList  转到状态 81


状态 113

   48 Exp: Exp . ASSIGNOP Exp
   49    | Exp . AND Exp
   50    | Exp . OR Exp
   50    | Exp OR Exp .
   51    | Exp . RELOP Exp
   52    | Exp . PLUS Exp
   53    | Exp . PLUS PLUS
   54    | Exp . PLUS ASSIGNOP Exp
   55    | Exp . MINUS Exp
   56    | Exp . MINUS MINUS
   57    | Exp . MINUS ASSIGNOP Exp
   58    | Exp . STAR Exp
   59    | Exp . STAR ASSIGNOP Exp
   60    | Exp . DIV Exp
   61    | Exp . DIV ASSIGNOP Exp
   67    | Exp . ArrayList
   68    | Exp . DOT Exp

    RELOP  偏移，并进入状态 71
    LB     偏移，并进入状态 29
    DOT    偏移，并进入状态 73
    PLUS   偏移，并进入状态 74
    MINUS  偏移，并进入状态 75
    STAR   偏移，并进入状态 76
    DIV    偏移，并进入状态 77
    AND    偏移，并进入状态 79

    $default  使用规则 50 以归约 (Exp)

    ArrayList  转到状态 81


状态 114

   35 Stmt: IF LP . Exp RP Stmt
   36     | IF LP . Exp RP Stmt ELSE Stmt

    INT     偏移，并进入状态 42
    ID      偏移，并进入状态 43
    FLOAT   偏移，并进入状态 44
    CHAR    偏移，并进入状态 45
    STRING  偏移，并进入状态 46
    LP      偏移，并进入状态 47
    MINUS   偏移，并进入状态 48
    ADDR    偏移，并进入状态 49
    STAR    偏移，并进入状态 50
    NOT     偏移，并进入状态 51

    Exp  转到状态 129


状态 115

   37 Stmt: WHILE LP . Exp RP Stmt

    INT     偏移，并进入状态 42
    ID      偏移，并进入状态 43
    FLOAT   偏移，并进入状态 44
    CHAR    偏移，并进入状态 45
    STRING  偏移，并进入状态 46
    LP      偏移，并进入状态 47
    MINUS   偏移，并进入状态 48
    ADDR    偏移，并进入状态 49
    STAR    偏移，并进入状态 50
    NOT     偏移，并进入状态 51

    Exp  转到状态 130


状态 116

   38 Stmt: FOR LP . ForDec RP Stmt

    INT     偏移，并进入状态 42
    ID      偏移，并进入状态 43
    FLOAT   偏移，并进入状态 44
    CHAR    偏移，并进入状态 45
    STRING  偏移，并进入状态 46
    LP      偏移，并进入状态 47
    SEMI    偏移，并进入状态 131
    MINUS   偏移，并进入状态 48
    ADDR    偏移，并进入状态 49
    STAR    偏移，并进入状态 50
    NOT     偏移，并进入状态 51

    ForDec  转到状态 132
    Exp     转到状态 133


状态 117

   34 Stmt: RETURN Exp . SEMI
   48 Exp: Exp . ASSIGNOP Exp
   49    | Exp . AND Exp
   50    | Exp . OR Exp
   51    | Exp . RELOP Exp
   52    | Exp . PLUS Exp
   53    | Exp . PLUS PLUS
   54    | Exp . PLUS ASSIGNOP Exp
   55    | Exp . MINUS Exp
   56    | Exp . MINUS MINUS
   57    | Exp . MINUS ASSIGNOP Exp
   58    | Exp . STAR Exp
   59    | Exp . STAR ASSIGNOP Exp
   60    | Exp . DIV Exp
   61    | Exp . DIV ASSIGNOP Exp
   67    | Exp . ArrayList
   68    | Exp . DOT Exp

    RELOP     偏移，并进入状态 71
    LB        偏移，并进入状态 29
    SEMI      偏移，并进入状态 134
    DOT       偏移，并进入状态 73
    PLUS      偏移，并进入状态 74
    MINUS     偏移，并进入状态 75
    STAR      偏移，并进入状态 76
    DIV       偏移，并进入状态 77
    ASSIGNOP  偏移，并进入状态 78
    AND       偏移，并进入状态 79
    OR        偏移，并进入状态 80

    ArrayList  转到状态 81


状态 118

   29 CompSt: LC DefList StmList RC .

    $default  使用规则 29 以归约 (CompSt)


状态 119

   31 StmList: Stmt StmList .

    $default  使用规则 31 以归约 (StmList)


状态 120

   32 Stmt: Exp SEMI .

    $default  使用规则 32 以归约 (Stmt)


状态 121

   47 Dec: VarDec ASSIGNOP Exp .
   48 Exp: Exp . ASSIGNOP Exp
   49    | Exp . AND Exp
   50    | Exp . OR Exp
   51    | Exp . RELOP Exp
   52    | Exp . PLUS Exp
   53    | Exp . PLUS PLUS
   54    | Exp . PLUS ASSIGNOP Exp
   55    | Exp . MINUS Exp
   56    | Exp . MINUS MINUS
   57    | Exp . MINUS ASSIGNOP Exp
   58    | Exp . STAR Exp
   59    | Exp . STAR ASSIGNOP Exp
   60    | Exp . DIV Exp
   61    | Exp . DIV ASSIGNOP Exp
   67    | Exp . ArrayList
   68    | Exp . DOT Exp

    RELOP     偏移，并进入状态 71
    LB        偏移，并进入状态 29
    DOT       偏移，并进入状态 73
    PLUS      偏移，并进入状态 74
    MINUS     偏移，并进入状态 75
    STAR      偏移，并进入状态 76
    DIV       偏移，并进入状态 77
    ASSIGNOP  偏移，并进入状态 78
    AND       偏移，并进入状态 79
    OR        偏移，并进入状态 80

    $default  使用规则 47 以归约 (Dec)

    ArrayList  转到状态 81


状态 122

   45 DecList: Dec COMMA DecList .

    $default  使用规则 45 以归约 (DecList)


状态 123

   76 Args: Exp COMMA . Args

    INT     偏移，并进入状态 42
    ID      偏移，并进入状态 43
    FLOAT   偏移，并进入状态 44
    CHAR    偏移，并进入状态 45
    STRING  偏移，并进入状态 46
    LP      偏移，并进入状态 47
    MINUS   偏移，并进入状态 48
    ADDR    偏移，并进入状态 49
    STAR    偏移，并进入状态 50
    NOT     偏移，并进入状态 51

    Exp   转到状态 95
    Args  转到状态 135


状态 124

   65 Exp: ID LP Args RP .

    $default  使用规则 65 以归约 (Exp)


状态 125

   48 Exp: Exp . ASSIGNOP Exp
   49    | Exp . AND Exp
   50    | Exp . OR Exp
   51    | Exp . RELOP Exp
   52    | Exp . PLUS Exp
   53    | Exp . PLUS PLUS
   54    | Exp . PLUS ASSIGNOP Exp
   54    | Exp PLUS ASSIGNOP Exp .
   55    | Exp . MINUS Exp
   56    | Exp . MINUS MINUS
   57    | Exp . MINUS ASSIGNOP Exp
   58    | Exp . STAR Exp
   59    | Exp . STAR ASSIGNOP Exp
   60    | Exp . DIV Exp
   61    | Exp . DIV ASSIGNOP Exp
   67    | Exp . ArrayList
   68    | Exp . DOT Exp

    RELOP     偏移，并进入状态 71
    LB        偏移，并进入状态 29
    DOT       偏移，并进入状态 73
    PLUS      偏移，并进入状态 74
    MINUS     偏移，并进入状态 75
    STAR      偏移，并进入状态 76
    DIV       偏移，并进入状态 77
    ASSIGNOP  偏移，并进入状态 78
    AND       偏移，并进入状态 79
    OR        偏移，并进入状态 80

    $default  使用规则 54 以归约 (Exp)

    ArrayList  转到状态 81


状态 126

   48 Exp: Exp . ASSIGNOP Exp
   49    | Exp . AND Exp
   50    | Exp . OR Exp
   51    | Exp . RELOP Exp
   52    | Exp . PLUS Exp
   53    | Exp . PLUS PLUS
   54    | Exp . PLUS ASSIGNOP Exp
   55    | Exp . MINUS Exp
   56    | Exp . MINUS MINUS
   57    | Exp . MINUS ASSIGNOP Exp
   57    | Exp MINUS ASSIGNOP Exp .
   58    | Exp . STAR Exp
   59    | Exp . STAR ASSIGNOP Exp
   60    | Exp . DIV Exp
   61    | Exp . DIV ASSIGNOP Exp
   67    | Exp . ArrayList
   68    | Exp . DOT Exp

    RELOP     偏移，并进入状态 71
    LB        偏移，并进入状态 29
    DOT       偏移，并进入状态 73
    PLUS      偏移，并进入状态 74
    MINUS     偏移，并进入状态 75
    STAR      偏移，并进入状态 76
    DIV       偏移，并进入状态 77
    ASSIGNOP  偏移，并进入状态 78
    AND       偏移，并进入状态 79
    OR        偏移，并进入状态 80

    $default  使用规则 57 以归约 (Exp)

    ArrayList  转到状态 81


状态 127

   48 Exp: Exp . ASSIGNOP Exp
   49    | Exp . AND Exp
   50    | Exp . OR Exp
   51    | Exp . RELOP Exp
   52    | Exp . PLUS Exp
   53    | Exp . PLUS PLUS
   54    | Exp . PLUS ASSIGNOP Exp
   55    | Exp . MINUS Exp
   56    | Exp . MINUS MINUS
   57    | Exp . MINUS ASSIGNOP Exp
   58    | Exp . STAR Exp
   59    | Exp . STAR ASSIGNOP Exp
   59    | Exp STAR ASSIGNOP Exp .
   60    | Exp . DIV Exp
   61    | Exp . DIV ASSIGNOP Exp
   67    | Exp . ArrayList
   68    | Exp . DOT Exp

    RELOP     偏移，并进入状态 71
    LB        偏移，并进入状态 29
    DOT       偏移，并进入状态 73
    PLUS      偏移，并进入状态 74
    MINUS     偏移，并进入状态 75
    STAR      偏移，并进入状态 76
    DIV       偏移，并进入状态 77
    ASSIGNOP  偏移，并进入状态 78
    AND       偏移，并进入状态 79
    OR        偏移，并进入状态 80

    $default  使用规则 59 以归约 (Exp)

    ArrayList  转到状态 81


状态 128

   48 Exp: Exp . ASSIGNOP Exp
   49    | Exp . AND Exp
   50    | Exp . OR Exp
   51    | Exp . RELOP Exp
   52    | Exp . PLUS Exp
   53    | Exp . PLUS PLUS
   54    | Exp . PLUS ASSIGNOP Exp
   55    | Exp . MINUS Exp
   56    | Exp . MINUS MINUS
   57    | Exp . MINUS ASSIGNOP Exp
   58    | Exp . STAR Exp
   59    | Exp . STAR ASSIGNOP Exp
   60    | Exp . DIV Exp
   61    | Exp . DIV ASSIGNOP Exp
   61    | Exp DIV ASSIGNOP Exp .
   67    | Exp . ArrayList
   68    | Exp . DOT Exp

    RELOP     偏移，并进入状态 71
    LB        偏移，并进入状态 29
    DOT       偏移，并进入状态 73
    PLUS      偏移，并进入状态 74
    MINUS     偏移，并进入状态 75
    STAR      偏移，并进入状态 76
    DIV       偏移，并进入状态 77
    ASSIGNOP  偏移，并进入状态 78
    AND       偏移，并进入状态 79
    OR        偏移，并进入状态 80

    $default  使用规则 61 以归约 (Exp)

    ArrayList  转到状态 81


状态 129

   35 Stmt: IF LP Exp . RP Stmt
   36     | IF LP Exp . RP Stmt ELSE Stmt
   48 Exp: Exp . ASSIGNOP Exp
   49    | Exp . AND Exp
   50    | Exp . OR Exp
   51    | Exp . RELOP Exp
   52    | Exp . PLUS Exp
   53    | Exp . PLUS PLUS
   54    | Exp . PLUS ASSIGNOP Exp
   55    | Exp . MINUS Exp
   56    | Exp . MINUS MINUS
   57    | Exp . MINUS ASSIGNOP Exp
   58    | Exp . STAR Exp
   59    | Exp . STAR ASSIGNOP Exp
   60    | Exp . DIV Exp
   61    | Exp . DIV ASSIGNOP Exp
   67    | Exp . ArrayList
   68    | Exp . DOT Exp

    RELOP     偏移，并进入状态 71
    RP        偏移，并进入状态 136
    LB        偏移，并进入状态 29
    DOT       偏移，并进入状态 73
    PLUS      偏移，并进入状态 74
    MINUS     偏移，并进入状态 75
    STAR      偏移，并进入状态 76
    DIV       偏移，并进入状态 77
    ASSIGNOP  偏移，并进入状态 78
    AND       偏移，并进入状态 79
    OR        偏移，并进入状态 80

    ArrayList  转到状态 81


状态 130

   37 Stmt: WHILE LP Exp . RP Stmt
   48 Exp: Exp . ASSIGNOP Exp
   49    | Exp . AND Exp
   50    | Exp . OR Exp
   51    | Exp . RELOP Exp
   52    | Exp . PLUS Exp
   53    | Exp . PLUS PLUS
   54    | Exp . PLUS ASSIGNOP Exp
   55    | Exp . MINUS Exp
   56    | Exp . MINUS MINUS
   57    | Exp . MINUS ASSIGNOP Exp
   58    | Exp . STAR Exp
   59    | Exp . STAR ASSIGNOP Exp
   60    | Exp . DIV Exp
   61    | Exp . DIV ASSIGNOP Exp
   67    | Exp . ArrayList
   68    | Exp . DOT Exp

    RELOP     偏移，并进入状态 71
    RP        偏移，并进入状态 137
    LB        偏移，并进入状态 29
    DOT       偏移，并进入状态 73
    PLUS      偏移，并进入状态 74
    MINUS     偏移，并进入状态 75
    STAR      偏移，并进入状态 76
    DIV       偏移，并进入状态 77
    ASSIGNOP  偏移，并进入状态 78
    AND       偏移，并进入状态 79
    OR        偏移，并进入状态 80

    ArrayList  转到状态 81


状态 131

   40 ForDec: SEMI . Exp SEMI

    INT     偏移，并进入状态 42
    ID      偏移，并进入状态 43
    FLOAT   偏移，并进入状态 44
    CHAR    偏移，并进入状态 45
    STRING  偏移，并进入状态 46
    LP      偏移，并进入状态 47
    MINUS   偏移，并进入状态 48
    ADDR    偏移，并进入状态 49
    STAR    偏移，并进入状态 50
    NOT     偏移，并进入状态 51

    Exp  转到状态 138


状态 132

   38 Stmt: FOR LP ForDec . RP Stmt

    RP  偏移，并进入状态 139


状态 133

   39 ForDec: Exp . SEMI Exp SEMI Exp
   48 Exp: Exp . ASSIGNOP Exp
   49    | Exp . AND Exp
   50    | Exp . OR Exp
   51    | Exp . RELOP Exp
   52    | Exp . PLUS Exp
   53    | Exp . PLUS PLUS
   54    | Exp . PLUS ASSIGNOP Exp
   55    | Exp . MINUS Exp
   56    | Exp . MINUS MINUS
   57    | Exp . MINUS ASSIGNOP Exp
   58    | Exp . STAR Exp
   59    | Exp . STAR ASSIGNOP Exp
   60    | Exp . DIV Exp
   61    | Exp . DIV ASSIGNOP Exp
   67    | Exp . ArrayList
   68    | Exp . DOT Exp

    RELOP     偏移，并进入状态 71
    LB        偏移，并进入状态 29
    SEMI      偏移，并进入状态 140
    DOT       偏移，并进入状态 73
    PLUS      偏移，并进入状态 74
    MINUS     偏移，并进入状态 75
    STAR      偏移，并进入状态 76
    DIV       偏移，并进入状态 77
    ASSIGNOP  偏移，并进入状态 78
    AND       偏移，并进入状态 79
    OR        偏移，并进入状态 80

    ArrayList  转到状态 81


状态 134

   34 Stmt: RETURN Exp SEMI .

    $default  使用规则 34 以归约 (Stmt)


状态 135

   76 Args: Exp COMMA Args .

    $default  使用规则 76 以归约 (Args)


状态 136

   35 Stmt: IF LP Exp RP . Stmt
   36     | IF LP Exp RP . Stmt ELSE Stmt

    INT     偏移，并进入状态 42
    ID      偏移，并进入状态 43
    FLOAT   偏移，并进入状态 44
    CHAR    偏移，并进入状态 45
    STRING  偏移，并进入状态 46
    LP      偏移，并进入状态 47
    LC      偏移，并进入状态 32
    MINUS   偏移，并进入状态 48
    ADDR    偏移，并进入状态 49
    STAR    偏移，并进入状态 50
    NOT     偏移，并进入状态 51
    IF      偏移，并进入状态 82
    WHILE   偏移，并进入状态 83
    FOR     偏移，并进入状态 84
    RETURN  偏移，并进入状态 85

    CompSt  转到状态 86
    Stmt    转到状态 141
    Exp     转到状态 89


状态 137

   37 Stmt: WHILE LP Exp RP . Stmt

    INT     偏移，并进入状态 42
    ID      偏移，并进入状态 43
    FLOAT   偏移，并进入状态 44
    CHAR    偏移，并进入状态 45
    STRING  偏移，并进入状态 46
    LP      偏移，并进入状态 47
    LC      偏移，并进入状态 32
    MINUS   偏移，并进入状态 48
    ADDR    偏移，并进入状态 49
    STAR    偏移，并进入状态 50
    NOT     偏移，并进入状态 51
    IF      偏移，并进入状态 82
    WHILE   偏移，并进入状态 83
    FOR     偏移，并进入状态 84
    RETURN  偏移，并进入状态 85

    CompSt  转到状态 86
    Stmt    转到状态 142
    Exp     转到状态 89


状态 138

   40 ForDec: SEMI Exp . SEMI
   48 Exp: Exp . ASSIGNOP Exp
   49    | Exp . AND Exp
   50    | Exp . OR Exp
   51    | Exp . RELOP Exp
   52    | Exp . PLUS Exp
   53    | Exp . PLUS PLUS
   54    | Exp . PLUS ASSIGNOP Exp
   55    | Exp . MINUS Exp
   56    | Exp . MINUS MINUS
   57    | Exp . MINUS ASSIGNOP Exp
   58    | Exp . STAR Exp
   59    | Exp . STAR ASSIGNOP Exp
   60    | Exp . DIV Exp
   61    | Exp . DIV ASSIGNOP Exp
   67    | Exp . ArrayList
   68    | Exp . DOT Exp

    RELOP     偏移，并进入状态 71
    LB        偏移，并进入状态 29
    SEMI      偏移，并进入状态 143
    DOT       偏移，并进入状态 73
    PLUS      偏移，并进入状态 74
    MINUS     偏移，并进入状态 75
    STAR      偏移，并进入状态 76
    DIV       偏移，并进入状态 77
    ASSIGNOP  偏移，并进入状态 78
    AND       偏移，并进入状态 79
    OR        偏移，并进入状态 80

    ArrayList  转到状态 81


状态 139

   38 Stmt: FOR LP ForDec RP . Stmt

    INT     偏移，并进入状态 42
    ID      偏移，并进入状态 43
    FLOAT   偏移，并进入状态 44
    CHAR    偏移，并进入状态 45
    STRING  偏移，并进入状态 46
    LP      偏移，并进入状态 47
    LC      偏移，并进入状态 32
    MINUS   偏移，并进入状态 48
    ADDR    偏移，并进入状态 49
    STAR    偏移，并进入状态 50
    NOT     偏移，并进入状态 51
    IF      偏移，并进入状态 82
    WHILE   偏移，并进入状态 83
    FOR     偏移，并进入状态 84
    RETURN  偏移，并进入状态 85

    CompSt  转到状态 86
    Stmt    转到状态 144
    Exp     转到状态 89


状态 140

   39 ForDec: Exp SEMI . Exp SEMI Exp

    INT     偏移，并进入状态 42
    ID      偏移，并进入状态 43
    FLOAT   偏移，并进入状态 44
    CHAR    偏移，并进入状态 45
    STRING  偏移，并进入状态 46
    LP      偏移，并进入状态 47
    MINUS   偏移，并进入状态 48
    ADDR    偏移，并进入状态 49
    STAR    偏移，并进入状态 50
    NOT     偏移，并进入状态 51

    Exp  转到状态 145


状态 141

   35 Stmt: IF LP Exp RP Stmt .
   36     | IF LP Exp RP Stmt . ELSE Stmt

    ELSE  偏移，并进入状态 146

    $default  使用规则 35 以归约 (Stmt)


状态 142

   37 Stmt: WHILE LP Exp RP Stmt .

    $default  使用规则 37 以归约 (Stmt)


状态 143

   40 ForDec: SEMI Exp SEMI .

    $default  使用规则 40 以归约 (ForDec)


状态 144

   38 Stmt: FOR LP ForDec RP Stmt .

    $default  使用规则 38 以归约 (Stmt)


状态 145

   39 ForDec: Exp SEMI Exp . SEMI Exp
   48 Exp: Exp . ASSIGNOP Exp
   49    | Exp . AND Exp
   50    | Exp . OR Exp
   51    | Exp . RELOP Exp
   52    | Exp . PLUS Exp
   53    | Exp . PLUS PLUS
   54    | Exp . PLUS ASSIGNOP Exp
   55    | Exp . MINUS Exp
   56    | Exp . MINUS MINUS
   57    | Exp . MINUS ASSIGNOP Exp
   58    | Exp . STAR Exp
   59    | Exp . STAR ASSIGNOP Exp
   60    | Exp . DIV Exp
   61    | Exp . DIV ASSIGNOP Exp
   67    | Exp . ArrayList
   68    | Exp . DOT Exp

    RELOP     偏移，并进入状态 71
    LB        偏移，并进入状态 29
    SEMI      偏移，并进入状态 147
    DOT       偏移，并进入状态 73
    PLUS      偏移，并进入状态 74
    MINUS     偏移，并进入状态 75
    STAR      偏移，并进入状态 76
    DIV       偏移，并进入状态 77
    ASSIGNOP  偏移，并进入状态 78
    AND       偏移，并进入状态 79
    OR        偏移，并进入状态 80

    ArrayList  转到状态 81


状态 146

   36 Stmt: IF LP Exp RP Stmt ELSE . Stmt

    INT     偏移，并进入状态 42
    ID      偏移，并进入状态 43
    FLOAT   偏移，并进入状态 44
    CHAR    偏移，并进入状态 45
    STRING  偏移，并进入状态 46
    LP      偏移，并进入状态 47
    LC      偏移，并进入状态 32
    MINUS   偏移，并进入状态 48
    ADDR    偏移，并进入状态 49
    STAR    偏移，并进入状态 50
    NOT     偏移，并进入状态 51
    IF      偏移，并进入状态 82
    WHILE   偏移，并进入状态 83
    FOR     偏移，并进入状态 84
    RETURN  偏移，并进入状态 85

    CompSt  转到状态 86
    Stmt    转到状态 148
    Exp     转到状态 89


状态 147

   39 ForDec: Exp SEMI Exp SEMI . Exp

    INT     偏移，并进入状态 42
    ID      偏移，并进入状态 43
    FLOAT   偏移，并进入状态 44
    CHAR    偏移，并进入状态 45
    STRING  偏移，并进入状态 46
    LP      偏移，并进入状态 47
    MINUS   偏移，并进入状态 48
    ADDR    偏移，并进入状态 49
    STAR    偏移，并进入状态 50
    NOT     偏移，并进入状态 51

    Exp  转到状态 149


状态 148

   36 Stmt: IF LP Exp RP Stmt ELSE Stmt .

    $default  使用规则 36 以归约 (Stmt)


状态 149

   39 ForDec: Exp SEMI Exp SEMI Exp .
   48 Exp: Exp . ASSIGNOP Exp
   49    | Exp . AND Exp
   50    | Exp . OR Exp
   51    | Exp . RELOP Exp
   52    | Exp . PLUS Exp
   53    | Exp . PLUS PLUS
   54    | Exp . PLUS ASSIGNOP Exp
   55    | Exp . MINUS Exp
   56    | Exp . MINUS MINUS
   57    | Exp . MINUS ASSIGNOP Exp
   58    | Exp . STAR Exp
   59    | Exp . STAR ASSIGNOP Exp
   60    | Exp . DIV Exp
   61    | Exp . DIV ASSIGNOP Exp
   67    | Exp . ArrayList
   68    | Exp . DOT Exp

    RELOP     偏移，并进入状态 71
    LB        偏移，并进入状态 29
    DOT       偏移，并进入状态 73
    PLUS      偏移，并进入状态 74
    MINUS     偏移，并进入状态 75
    STAR      偏移，并进入状态 76
    DIV       偏移，并进入状态 77
    ASSIGNOP  偏移，并进入状态 78
    AND       偏移，并进入状态 79
    OR        偏移，并进入状态 80

    $default  使用规则 39 以归约 (ForDec)

    ArrayList  转到状态 81
