终端机在文法中未使用

    PPLUS
    MMINUS
    MINUSASSIGNOP
    PLUSASSIGNOP
    DIVASSIGNOP
    STARASSIGNOP


语法

    0 $accept: program $end

    1 program: ExtDefList

    2 ExtDefList: %empty
    3           | ExtDef ExtDefList

    4 ExtDef: Specifier ExtDecList SEMI
    5       | StructDef SEMI
    6       | Specifier SEMI
    7       | Specifier FuncDec CompSt
    8       | error SEMI

    9 ExtDecList: VarDec
   10           | VarDec COMMA ExtDecList

   11 Specifier: TYPE
   12          | StructDec

   13 StructDec: STRUCT Tag

   14 Tag: ID

   15 StructDef: STRUCT OptTag LC DefList RC

   16 OptTag: %empty
   17       | ID

   18 ArrayList: LB Exp RB ArrayList
   19          | LB Exp RB

   20 VarDec: ID
   21       | VarDec ArrayList

   22 FuncDec: ID LP VarList RP
   23        | ID LP RP

   24 VarList: ParamDec
   25        | ParamDec COMMA VarList

   26 ParamDec: Specifier VarDec

   27 CompSt: LC DefList StmList RC

   28 StmList: %empty
   29        | Stmt StmList

   30 Stmt: Exp SEMI
   31     | CompSt
   32     | RETURN Exp SEMI
   33     | IF LP Exp RP Stmt
   34     | IF LP Exp RP Stmt ELSE Stmt
   35     | WHILE LP Exp RP Stmt
   36     | FOR LP ForDec RP Stmt

   37 ForDec: Exp SEMI Exp SEMI Exp
   38       | SEMI Exp SEMI

   39 DefList: %empty
   40        | Def DefList

   41 Def: Specifier DecList SEMI

   42 DecList: Dec
   43        | Dec COMMA DecList

   44 Dec: VarDec
   45    | VarDec ASSIGNOP Exp

   46 Exp: Exp ASSIGNOP Exp
   47    | Exp AND Exp
   48    | Exp OR Exp
   49    | Exp RELOP Exp
   50    | Exp PLUS Exp
   51    | Exp PLUS PLUS
   52    | Exp PLUS ASSIGNOP Exp
   53    | Exp MINUS Exp
   54    | Exp MINUS MINUS
   55    | Exp MINUS ASSIGNOP Exp
   56    | Exp STAR Exp
   57    | Exp STAR ASSIGNOP Exp
   58    | Exp DIV Exp
   59    | Exp DIV ASSIGNOP Exp
   60    | LP Exp RP
   61    | MINUS Exp
   62    | NOT Exp
   63    | ID LP Args RP
   64    | ID LP RP
   65    | Exp ArrayList
   66    | Exp DOT Exp
   67    | ID
   68    | INT
   69    | FLOAT
   70    | CHAR
   71    | STRING

   72 Args: Exp COMMA Args
   73     | Exp


终结语词，附有它们出现处的规则

    $end (0) 0
    error (256) 8
    INT <type_int> (258) 68
    ID <type_id> (259) 14 17 20 22 23 63 64 67
    RELOP <type_id> (260) 49
    TYPE <type_id> (261) 11
    FLOAT <type_float> (262) 69
    CHAR <type_char> (263) 70
    STRING <type_string> (264) 71
    STRUCT (265) 13 15
    LP (266) 22 23 33 34 35 36 60 63 64
    RP (267) 22 23 33 34 35 36 60 63 64
    LB (268) 18 19
    RB (269) 18 19
    LC (270) 15 27
    RC (271) 15 27
    SEMI (272) 4 5 6 8 30 32 37 38 41
    COMMA (273) 10 25 43 72
    DOT (274) 66
    PPLUS (275)
    MMINUS (276)
    PLUS (277) 50 51 52
    MINUS (278) 53 54 55 61
    STAR (279) 56 57
    DIV (280) 58 59
    ASSIGNOP (281) 45 46 52 55 57 59
    MINUSASSIGNOP (282)
    PLUSASSIGNOP (283)
    DIVASSIGNOP (284)
    STARASSIGNOP (285)
    AND (286) 47
    OR (287) 48
    NOT (288) 62
    IF (289) 33 34
    ELSE (290) 34
    WHILE (291) 35
    FOR (292) 36
    RETURN (293) 32
    UMINUS (294)
    LOWER_THEN_ELSE (295)


非终结语词，附有它们出现处的规则

    $accept (41)
        on left: 0
    program <ptr> (42)
        on left: 1
        on right: 0
    ExtDefList <ptr> (43)
        on left: 2 3
        on right: 1 3
    ExtDef <ptr> (44)
        on left: 4 5 6 7 8
        on right: 3
    ExtDecList <ptr> (45)
        on left: 9 10
        on right: 4 10
    Specifier <ptr> (46)
        on left: 11 12
        on right: 4 6 7 26 41
    StructDec <ptr> (47)
        on left: 13
        on right: 12
    Tag <ptr> (48)
        on left: 14
        on right: 13
    StructDef <ptr> (49)
        on left: 15
        on right: 5
    OptTag <ptr> (50)
        on left: 16 17
        on right: 15
    ArrayList <ptr> (51)
        on left: 18 19
        on right: 18 21 65
    VarDec <ptr> (52)
        on left: 20 21
        on right: 9 10 21 26 44 45
    FuncDec <ptr> (53)
        on left: 22 23
        on right: 7
    VarList <ptr> (54)
        on left: 24 25
        on right: 22 25
    ParamDec <ptr> (55)
        on left: 26
        on right: 24 25
    CompSt <ptr> (56)
        on left: 27
        on right: 7 31
    StmList <ptr> (57)
        on left: 28 29
        on right: 27 29
    Stmt <ptr> (58)
        on left: 30 31 32 33 34 35 36
        on right: 29 33 34 35 36
    ForDec <ptr> (59)
        on left: 37 38
        on right: 36
    DefList <ptr> (60)
        on left: 39 40
        on right: 15 27 40
    Def <ptr> (61)
        on left: 41
        on right: 40
    DecList <ptr> (62)
        on left: 42 43
        on right: 41 43
    Dec <ptr> (63)
        on left: 44 45
        on right: 42 43
    Exp <ptr> (64)
        on left: 46 47 48 49 50 51 52 53 54 55 56 57 58 59 60 61 62 63 64 65 66 67 68 69 70 71
        on right: 18 19 30 32 33 34 35 37 38 45 46 47 48 49 50 51 52 53 54 55 56 57 58 59 60 61 62 65 66 72 73
    Args <ptr> (65)
        on left: 72 73
        on right: 63 72


状态 0

    0 $accept: . program $end

    error   偏移，并进入状态 1
    TYPE    偏移，并进入状态 2
    STRUCT  偏移，并进入状态 3

    $end  使用规则 2 以归约 (ExtDefList)

    program     转到状态 4
    ExtDefList  转到状态 5
    ExtDef      转到状态 6
    Specifier   转到状态 7
    StructDec   转到状态 8
    StructDef   转到状态 9


状态 1

    8 ExtDef: error . SEMI

    SEMI  偏移，并进入状态 10


状态 2

   11 Specifier: TYPE .

    $default  使用规则 11 以归约 (Specifier)


状态 3

   13 StructDec: STRUCT . Tag
   15 StructDef: STRUCT . OptTag LC DefList RC

    ID  偏移，并进入状态 11

    $default  使用规则 16 以归约 (OptTag)

    Tag     转到状态 12
    OptTag  转到状态 13


状态 4

    0 $accept: program . $end

    $end  偏移，并进入状态 14


状态 5

    1 program: ExtDefList .

    $default  使用规则 1 以归约 (program)


状态 6

    3 ExtDefList: ExtDef . ExtDefList

    error   偏移，并进入状态 1
    TYPE    偏移，并进入状态 2
    STRUCT  偏移，并进入状态 3

    $end  使用规则 2 以归约 (ExtDefList)

    ExtDefList  转到状态 15
    ExtDef      转到状态 6
    Specifier   转到状态 7
    StructDec   转到状态 8
    StructDef   转到状态 9


状态 7

    4 ExtDef: Specifier . ExtDecList SEMI
    6       | Specifier . SEMI
    7       | Specifier . FuncDec CompSt

    ID    偏移，并进入状态 16
    SEMI  偏移，并进入状态 17

    ExtDecList  转到状态 18
    VarDec      转到状态 19
    FuncDec     转到状态 20


状态 8

   12 Specifier: StructDec .

    $default  使用规则 12 以归约 (Specifier)


状态 9

    5 ExtDef: StructDef . SEMI

    SEMI  偏移，并进入状态 21


状态 10

    8 ExtDef: error SEMI .

    $default  使用规则 8 以归约 (ExtDef)


状态 11

   14 Tag: ID .
   17 OptTag: ID .

    LC        使用规则 17 以归约 (OptTag)
    $default  使用规则 14 以归约 (Tag)


状态 12

   13 StructDec: STRUCT Tag .

    $default  使用规则 13 以归约 (StructDec)


状态 13

   15 StructDef: STRUCT OptTag . LC DefList RC

    LC  偏移，并进入状态 22


状态 14

    0 $accept: program $end .

    $default  接受


状态 15

    3 ExtDefList: ExtDef ExtDefList .

    $default  使用规则 3 以归约 (ExtDefList)


状态 16

   20 VarDec: ID .
   22 FuncDec: ID . LP VarList RP
   23        | ID . LP RP

    LP  偏移，并进入状态 23

    $default  使用规则 20 以归约 (VarDec)


状态 17

    6 ExtDef: Specifier SEMI .

    $default  使用规则 6 以归约 (ExtDef)


状态 18

    4 ExtDef: Specifier ExtDecList . SEMI

    SEMI  偏移，并进入状态 24


状态 19

    9 ExtDecList: VarDec .
   10           | VarDec . COMMA ExtDecList
   21 VarDec: VarDec . ArrayList

    LB     偏移，并进入状态 25
    COMMA  偏移，并进入状态 26

    $default  使用规则 9 以归约 (ExtDecList)

    ArrayList  转到状态 27


状态 20

    7 ExtDef: Specifier FuncDec . CompSt

    LC  偏移，并进入状态 28

    CompSt  转到状态 29


状态 21

    5 ExtDef: StructDef SEMI .

    $default  使用规则 5 以归约 (ExtDef)


状态 22

   15 StructDef: STRUCT OptTag LC . DefList RC

    TYPE    偏移，并进入状态 2
    STRUCT  偏移，并进入状态 30

    $default  使用规则 39 以归约 (DefList)

    Specifier  转到状态 31
    StructDec  转到状态 8
    DefList    转到状态 32
    Def        转到状态 33


状态 23

   22 FuncDec: ID LP . VarList RP
   23        | ID LP . RP

    TYPE    偏移，并进入状态 2
    STRUCT  偏移，并进入状态 30
    RP      偏移，并进入状态 34

    Specifier  转到状态 35
    StructDec  转到状态 8
    VarList    转到状态 36
    ParamDec   转到状态 37


状态 24

    4 ExtDef: Specifier ExtDecList SEMI .

    $default  使用规则 4 以归约 (ExtDef)


状态 25

   18 ArrayList: LB . Exp RB ArrayList
   19          | LB . Exp RB

    INT     偏移，并进入状态 38
    ID      偏移，并进入状态 39
    FLOAT   偏移，并进入状态 40
    CHAR    偏移，并进入状态 41
    STRING  偏移，并进入状态 42
    LP      偏移，并进入状态 43
    MINUS   偏移，并进入状态 44
    NOT     偏移，并进入状态 45

    Exp  转到状态 46


状态 26

   10 ExtDecList: VarDec COMMA . ExtDecList

    ID  偏移，并进入状态 47

    ExtDecList  转到状态 48
    VarDec      转到状态 19


状态 27

   21 VarDec: VarDec ArrayList .

    $default  使用规则 21 以归约 (VarDec)


状态 28

   27 CompSt: LC . DefList StmList RC

    TYPE    偏移，并进入状态 2
    STRUCT  偏移，并进入状态 30

    $default  使用规则 39 以归约 (DefList)

    Specifier  转到状态 31
    StructDec  转到状态 8
    DefList    转到状态 49
    Def        转到状态 33


状态 29

    7 ExtDef: Specifier FuncDec CompSt .

    $default  使用规则 7 以归约 (ExtDef)


状态 30

   13 StructDec: STRUCT . Tag

    ID  偏移，并进入状态 50

    Tag  转到状态 12


状态 31

   41 Def: Specifier . DecList SEMI

    ID  偏移，并进入状态 47

    VarDec   转到状态 51
    DecList  转到状态 52
    Dec      转到状态 53


状态 32

   15 StructDef: STRUCT OptTag LC DefList . RC

    RC  偏移，并进入状态 54


状态 33

   40 DefList: Def . DefList

    TYPE    偏移，并进入状态 2
    STRUCT  偏移，并进入状态 30

    $default  使用规则 39 以归约 (DefList)

    Specifier  转到状态 31
    StructDec  转到状态 8
    DefList    转到状态 55
    Def        转到状态 33


状态 34

   23 FuncDec: ID LP RP .

    $default  使用规则 23 以归约 (FuncDec)


状态 35

   26 ParamDec: Specifier . VarDec

    ID  偏移，并进入状态 47

    VarDec  转到状态 56


状态 36

   22 FuncDec: ID LP VarList . RP

    RP  偏移，并进入状态 57


状态 37

   24 VarList: ParamDec .
   25        | ParamDec . COMMA VarList

    COMMA  偏移，并进入状态 58

    $default  使用规则 24 以归约 (VarList)


状态 38

   68 Exp: INT .

    $default  使用规则 68 以归约 (Exp)


状态 39

   63 Exp: ID . LP Args RP
   64    | ID . LP RP
   67    | ID .

    LP  偏移，并进入状态 59

    $default  使用规则 67 以归约 (Exp)


状态 40

   69 Exp: FLOAT .

    $default  使用规则 69 以归约 (Exp)


状态 41

   70 Exp: CHAR .

    $default  使用规则 70 以归约 (Exp)


状态 42

   71 Exp: STRING .

    $default  使用规则 71 以归约 (Exp)


状态 43

   60 Exp: LP . Exp RP

    INT     偏移，并进入状态 38
    ID      偏移，并进入状态 39
    FLOAT   偏移，并进入状态 40
    CHAR    偏移，并进入状态 41
    STRING  偏移，并进入状态 42
    LP      偏移，并进入状态 43
    MINUS   偏移，并进入状态 44
    NOT     偏移，并进入状态 45

    Exp  转到状态 60


状态 44

   61 Exp: MINUS . Exp

    INT     偏移，并进入状态 38
    ID      偏移，并进入状态 39
    FLOAT   偏移，并进入状态 40
    CHAR    偏移，并进入状态 41
    STRING  偏移，并进入状态 42
    LP      偏移，并进入状态 43
    MINUS   偏移，并进入状态 44
    NOT     偏移，并进入状态 45

    Exp  转到状态 61


状态 45

   62 Exp: NOT . Exp

    INT     偏移，并进入状态 38
    ID      偏移，并进入状态 39
    FLOAT   偏移，并进入状态 40
    CHAR    偏移，并进入状态 41
    STRING  偏移，并进入状态 42
    LP      偏移，并进入状态 43
    MINUS   偏移，并进入状态 44
    NOT     偏移，并进入状态 45

    Exp  转到状态 62


状态 46

   18 ArrayList: LB Exp . RB ArrayList
   19          | LB Exp . RB
   46 Exp: Exp . ASSIGNOP Exp
   47    | Exp . AND Exp
   48    | Exp . OR Exp
   49    | Exp . RELOP Exp
   50    | Exp . PLUS Exp
   51    | Exp . PLUS PLUS
   52    | Exp . PLUS ASSIGNOP Exp
   53    | Exp . MINUS Exp
   54    | Exp . MINUS MINUS
   55    | Exp . MINUS ASSIGNOP Exp
   56    | Exp . STAR Exp
   57    | Exp . STAR ASSIGNOP Exp
   58    | Exp . DIV Exp
   59    | Exp . DIV ASSIGNOP Exp
   65    | Exp . ArrayList
   66    | Exp . DOT Exp

    RELOP     偏移，并进入状态 63
    LB        偏移，并进入状态 25
    RB        偏移，并进入状态 64
    DOT       偏移，并进入状态 65
    PLUS      偏移，并进入状态 66
    MINUS     偏移，并进入状态 67
    STAR      偏移，并进入状态 68
    DIV       偏移，并进入状态 69
    ASSIGNOP  偏移，并进入状态 70
    AND       偏移，并进入状态 71
    OR        偏移，并进入状态 72

    ArrayList  转到状态 73


状态 47

   20 VarDec: ID .

    $default  使用规则 20 以归约 (VarDec)


状态 48

   10 ExtDecList: VarDec COMMA ExtDecList .

    $default  使用规则 10 以归约 (ExtDecList)


状态 49

   27 CompSt: LC DefList . StmList RC

    INT     偏移，并进入状态 38
    ID      偏移，并进入状态 39
    FLOAT   偏移，并进入状态 40
    CHAR    偏移，并进入状态 41
    STRING  偏移，并进入状态 42
    LP      偏移，并进入状态 43
    LC      偏移，并进入状态 28
    MINUS   偏移，并进入状态 44
    NOT     偏移，并进入状态 45
    IF      偏移，并进入状态 74
    WHILE   偏移，并进入状态 75
    FOR     偏移，并进入状态 76
    RETURN  偏移，并进入状态 77

    $default  使用规则 28 以归约 (StmList)

    CompSt   转到状态 78
    StmList  转到状态 79
    Stmt     转到状态 80
    Exp      转到状态 81


状态 50

   14 Tag: ID .

    $default  使用规则 14 以归约 (Tag)


状态 51

   21 VarDec: VarDec . ArrayList
   44 Dec: VarDec .
   45    | VarDec . ASSIGNOP Exp

    LB        偏移，并进入状态 25
    ASSIGNOP  偏移，并进入状态 82

    $default  使用规则 44 以归约 (Dec)

    ArrayList  转到状态 27


状态 52

   41 Def: Specifier DecList . SEMI

    SEMI  偏移，并进入状态 83


状态 53

   42 DecList: Dec .
   43        | Dec . COMMA DecList

    COMMA  偏移，并进入状态 84

    $default  使用规则 42 以归约 (DecList)


状态 54

   15 StructDef: STRUCT OptTag LC DefList RC .

    $default  使用规则 15 以归约 (StructDef)


状态 55

   40 DefList: Def DefList .

    $default  使用规则 40 以归约 (DefList)


状态 56

   21 VarDec: VarDec . ArrayList
   26 ParamDec: Specifier VarDec .

    LB  偏移，并进入状态 25

    $default  使用规则 26 以归约 (ParamDec)

    ArrayList  转到状态 27


状态 57

   22 FuncDec: ID LP VarList RP .

    $default  使用规则 22 以归约 (FuncDec)


状态 58

   25 VarList: ParamDec COMMA . VarList

    TYPE    偏移，并进入状态 2
    STRUCT  偏移，并进入状态 30

    Specifier  转到状态 35
    StructDec  转到状态 8
    VarList    转到状态 85
    ParamDec   转到状态 37


状态 59

   63 Exp: ID LP . Args RP
   64    | ID LP . RP

    INT     偏移，并进入状态 38
    ID      偏移，并进入状态 39
    FLOAT   偏移，并进入状态 40
    CHAR    偏移，并进入状态 41
    STRING  偏移，并进入状态 42
    LP      偏移，并进入状态 43
    RP      偏移，并进入状态 86
    MINUS   偏移，并进入状态 44
    NOT     偏移，并进入状态 45

    Exp   转到状态 87
    Args  转到状态 88


状态 60

   46 Exp: Exp . ASSIGNOP Exp
   47    | Exp . AND Exp
   48    | Exp . OR Exp
   49    | Exp . RELOP Exp
   50    | Exp . PLUS Exp
   51    | Exp . PLUS PLUS
   52    | Exp . PLUS ASSIGNOP Exp
   53    | Exp . MINUS Exp
   54    | Exp . MINUS MINUS
   55    | Exp . MINUS ASSIGNOP Exp
   56    | Exp . STAR Exp
   57    | Exp . STAR ASSIGNOP Exp
   58    | Exp . DIV Exp
   59    | Exp . DIV ASSIGNOP Exp
   60    | LP Exp . RP
   65    | Exp . ArrayList
   66    | Exp . DOT Exp

    RELOP     偏移，并进入状态 63
    RP        偏移，并进入状态 89
    LB        偏移，并进入状态 25
    DOT       偏移，并进入状态 65
    PLUS      偏移，并进入状态 66
    MINUS     偏移，并进入状态 67
    STAR      偏移，并进入状态 68
    DIV       偏移，并进入状态 69
    ASSIGNOP  偏移，并进入状态 70
    AND       偏移，并进入状态 71
    OR        偏移，并进入状态 72

    ArrayList  转到状态 73


状态 61

   46 Exp: Exp . ASSIGNOP Exp
   47    | Exp . AND Exp
   48    | Exp . OR Exp
   49    | Exp . RELOP Exp
   50    | Exp . PLUS Exp
   51    | Exp . PLUS PLUS
   52    | Exp . PLUS ASSIGNOP Exp
   53    | Exp . MINUS Exp
   54    | Exp . MINUS MINUS
   55    | Exp . MINUS ASSIGNOP Exp
   56    | Exp . STAR Exp
   57    | Exp . STAR ASSIGNOP Exp
   58    | Exp . DIV Exp
   59    | Exp . DIV ASSIGNOP Exp
   61    | MINUS Exp .
   65    | Exp . ArrayList
   66    | Exp . DOT Exp

    LB   偏移，并进入状态 25
    DOT  偏移，并进入状态 65

    $default  使用规则 61 以归约 (Exp)

    ArrayList  转到状态 73


状态 62

   46 Exp: Exp . ASSIGNOP Exp
   47    | Exp . AND Exp
   48    | Exp . OR Exp
   49    | Exp . RELOP Exp
   50    | Exp . PLUS Exp
   51    | Exp . PLUS PLUS
   52    | Exp . PLUS ASSIGNOP Exp
   53    | Exp . MINUS Exp
   54    | Exp . MINUS MINUS
   55    | Exp . MINUS ASSIGNOP Exp
   56    | Exp . STAR Exp
   57    | Exp . STAR ASSIGNOP Exp
   58    | Exp . DIV Exp
   59    | Exp . DIV ASSIGNOP Exp
   62    | NOT Exp .
   65    | Exp . ArrayList
   66    | Exp . DOT Exp

    LB   偏移，并进入状态 25
    DOT  偏移，并进入状态 65

    $default  使用规则 62 以归约 (Exp)

    ArrayList  转到状态 73


状态 63

   49 Exp: Exp RELOP . Exp

    INT     偏移，并进入状态 38
    ID      偏移，并进入状态 39
    FLOAT   偏移，并进入状态 40
    CHAR    偏移，并进入状态 41
    STRING  偏移，并进入状态 42
    LP      偏移，并进入状态 43
    MINUS   偏移，并进入状态 44
    NOT     偏移，并进入状态 45

    Exp  转到状态 90


状态 64

   18 ArrayList: LB Exp RB . ArrayList
   19          | LB Exp RB .

    $default  使用规则 19 以归约 (ArrayList)

    ArrayList  转到状态 91


状态 65

   66 Exp: Exp DOT . Exp

    INT     偏移，并进入状态 38
    ID      偏移，并进入状态 39
    FLOAT   偏移，并进入状态 40
    CHAR    偏移，并进入状态 41
    STRING  偏移，并进入状态 42
    LP      偏移，并进入状态 43
    MINUS   偏移，并进入状态 44
    NOT     偏移，并进入状态 45

    Exp  转到状态 92


状态 66

   50 Exp: Exp PLUS . Exp
   51    | Exp PLUS . PLUS
   52    | Exp PLUS . ASSIGNOP Exp

    INT       偏移，并进入状态 38
    ID        偏移，并进入状态 39
    FLOAT     偏移，并进入状态 40
    CHAR      偏移，并进入状态 41
    STRING    偏移，并进入状态 42
    LP        偏移，并进入状态 43
    PLUS      偏移，并进入状态 93
    MINUS     偏移，并进入状态 44
    ASSIGNOP  偏移，并进入状态 94
    NOT       偏移，并进入状态 45

    Exp  转到状态 95


状态 67

   53 Exp: Exp MINUS . Exp
   54    | Exp MINUS . MINUS
   55    | Exp MINUS . ASSIGNOP Exp

    INT       偏移，并进入状态 38
    ID        偏移，并进入状态 39
    FLOAT     偏移，并进入状态 40
    CHAR      偏移，并进入状态 41
    STRING    偏移，并进入状态 42
    LP        偏移，并进入状态 43
    MINUS     偏移，并进入状态 96
    ASSIGNOP  偏移，并进入状态 97
    NOT       偏移，并进入状态 45

    Exp  转到状态 98


状态 68

   56 Exp: Exp STAR . Exp
   57    | Exp STAR . ASSIGNOP Exp

    INT       偏移，并进入状态 38
    ID        偏移，并进入状态 39
    FLOAT     偏移，并进入状态 40
    CHAR      偏移，并进入状态 41
    STRING    偏移，并进入状态 42
    LP        偏移，并进入状态 43
    MINUS     偏移，并进入状态 44
    ASSIGNOP  偏移，并进入状态 99
    NOT       偏移，并进入状态 45

    Exp  转到状态 100


状态 69

   58 Exp: Exp DIV . Exp
   59    | Exp DIV . ASSIGNOP Exp

    INT       偏移，并进入状态 38
    ID        偏移，并进入状态 39
    FLOAT     偏移，并进入状态 40
    CHAR      偏移，并进入状态 41
    STRING    偏移，并进入状态 42
    LP        偏移，并进入状态 43
    MINUS     偏移，并进入状态 44
    ASSIGNOP  偏移，并进入状态 101
    NOT       偏移，并进入状态 45

    Exp  转到状态 102


状态 70

   46 Exp: Exp ASSIGNOP . Exp

    INT     偏移，并进入状态 38
    ID      偏移，并进入状态 39
    FLOAT   偏移，并进入状态 40
    CHAR    偏移，并进入状态 41
    STRING  偏移，并进入状态 42
    LP      偏移，并进入状态 43
    MINUS   偏移，并进入状态 44
    NOT     偏移，并进入状态 45

    Exp  转到状态 103


状态 71

   47 Exp: Exp AND . Exp

    INT     偏移，并进入状态 38
    ID      偏移，并进入状态 39
    FLOAT   偏移，并进入状态 40
    CHAR    偏移，并进入状态 41
    STRING  偏移，并进入状态 42
    LP      偏移，并进入状态 43
    MINUS   偏移，并进入状态 44
    NOT     偏移，并进入状态 45

    Exp  转到状态 104


状态 72

   48 Exp: Exp OR . Exp

    INT     偏移，并进入状态 38
    ID      偏移，并进入状态 39
    FLOAT   偏移，并进入状态 40
    CHAR    偏移，并进入状态 41
    STRING  偏移，并进入状态 42
    LP      偏移，并进入状态 43
    MINUS   偏移，并进入状态 44
    NOT     偏移，并进入状态 45

    Exp  转到状态 105


状态 73

   65 Exp: Exp ArrayList .

    $default  使用规则 65 以归约 (Exp)


状态 74

   33 Stmt: IF . LP Exp RP Stmt
   34     | IF . LP Exp RP Stmt ELSE Stmt

    LP  偏移，并进入状态 106


状态 75

   35 Stmt: WHILE . LP Exp RP Stmt

    LP  偏移，并进入状态 107


状态 76

   36 Stmt: FOR . LP ForDec RP Stmt

    LP  偏移，并进入状态 108


状态 77

   32 Stmt: RETURN . Exp SEMI

    INT     偏移，并进入状态 38
    ID      偏移，并进入状态 39
    FLOAT   偏移，并进入状态 40
    CHAR    偏移，并进入状态 41
    STRING  偏移，并进入状态 42
    LP      偏移，并进入状态 43
    MINUS   偏移，并进入状态 44
    NOT     偏移，并进入状态 45

    Exp  转到状态 109


状态 78

   31 Stmt: CompSt .

    $default  使用规则 31 以归约 (Stmt)


状态 79

   27 CompSt: LC DefList StmList . RC

    RC  偏移，并进入状态 110


状态 80

   29 StmList: Stmt . StmList

    INT     偏移，并进入状态 38
    ID      偏移，并进入状态 39
    FLOAT   偏移，并进入状态 40
    CHAR    偏移，并进入状态 41
    STRING  偏移，并进入状态 42
    LP      偏移，并进入状态 43
    LC      偏移，并进入状态 28
    MINUS   偏移，并进入状态 44
    NOT     偏移，并进入状态 45
    IF      偏移，并进入状态 74
    WHILE   偏移，并进入状态 75
    FOR     偏移，并进入状态 76
    RETURN  偏移，并进入状态 77

    $default  使用规则 28 以归约 (StmList)

    CompSt   转到状态 78
    StmList  转到状态 111
    Stmt     转到状态 80
    Exp      转到状态 81


状态 81

   30 Stmt: Exp . SEMI
   46 Exp: Exp . ASSIGNOP Exp
   47    | Exp . AND Exp
   48    | Exp . OR Exp
   49    | Exp . RELOP Exp
   50    | Exp . PLUS Exp
   51    | Exp . PLUS PLUS
   52    | Exp . PLUS ASSIGNOP Exp
   53    | Exp . MINUS Exp
   54    | Exp . MINUS MINUS
   55    | Exp . MINUS ASSIGNOP Exp
   56    | Exp . STAR Exp
   57    | Exp . STAR ASSIGNOP Exp
   58    | Exp . DIV Exp
   59    | Exp . DIV ASSIGNOP Exp
   65    | Exp . ArrayList
   66    | Exp . DOT Exp

    RELOP     偏移，并进入状态 63
    LB        偏移，并进入状态 25
    SEMI      偏移，并进入状态 112
    DOT       偏移，并进入状态 65
    PLUS      偏移，并进入状态 66
    MINUS     偏移，并进入状态 67
    STAR      偏移，并进入状态 68
    DIV       偏移，并进入状态 69
    ASSIGNOP  偏移，并进入状态 70
    AND       偏移，并进入状态 71
    OR        偏移，并进入状态 72

    ArrayList  转到状态 73


状态 82

   45 Dec: VarDec ASSIGNOP . Exp

    INT     偏移，并进入状态 38
    ID      偏移，并进入状态 39
    FLOAT   偏移，并进入状态 40
    CHAR    偏移，并进入状态 41
    STRING  偏移，并进入状态 42
    LP      偏移，并进入状态 43
    MINUS   偏移，并进入状态 44
    NOT     偏移，并进入状态 45

    Exp  转到状态 113


状态 83

   41 Def: Specifier DecList SEMI .

    $default  使用规则 41 以归约 (Def)


状态 84

   43 DecList: Dec COMMA . DecList

    ID  偏移，并进入状态 47

    VarDec   转到状态 51
    DecList  转到状态 114
    Dec      转到状态 53


状态 85

   25 VarList: ParamDec COMMA VarList .

    $default  使用规则 25 以归约 (VarList)


状态 86

   64 Exp: ID LP RP .

    $default  使用规则 64 以归约 (Exp)


状态 87

   46 Exp: Exp . ASSIGNOP Exp
   47    | Exp . AND Exp
   48    | Exp . OR Exp
   49    | Exp . RELOP Exp
   50    | Exp . PLUS Exp
   51    | Exp . PLUS PLUS
   52    | Exp . PLUS ASSIGNOP Exp
   53    | Exp . MINUS Exp
   54    | Exp . MINUS MINUS
   55    | Exp . MINUS ASSIGNOP Exp
   56    | Exp . STAR Exp
   57    | Exp . STAR ASSIGNOP Exp
   58    | Exp . DIV Exp
   59    | Exp . DIV ASSIGNOP Exp
   65    | Exp . ArrayList
   66    | Exp . DOT Exp
   72 Args: Exp . COMMA Args
   73     | Exp .

    RELOP     偏移，并进入状态 63
    LB        偏移，并进入状态 25
    COMMA     偏移，并进入状态 115
    DOT       偏移，并进入状态 65
    PLUS      偏移，并进入状态 66
    MINUS     偏移，并进入状态 67
    STAR      偏移，并进入状态 68
    DIV       偏移，并进入状态 69
    ASSIGNOP  偏移，并进入状态 70
    AND       偏移，并进入状态 71
    OR        偏移，并进入状态 72

    $default  使用规则 73 以归约 (Args)

    ArrayList  转到状态 73


状态 88

   63 Exp: ID LP Args . RP

    RP  偏移，并进入状态 116


状态 89

   60 Exp: LP Exp RP .

    $default  使用规则 60 以归约 (Exp)


状态 90

   46 Exp: Exp . ASSIGNOP Exp
   47    | Exp . AND Exp
   48    | Exp . OR Exp
   49    | Exp . RELOP Exp
   49    | Exp RELOP Exp .
   50    | Exp . PLUS Exp
   51    | Exp . PLUS PLUS
   52    | Exp . PLUS ASSIGNOP Exp
   53    | Exp . MINUS Exp
   54    | Exp . MINUS MINUS
   55    | Exp . MINUS ASSIGNOP Exp
   56    | Exp . STAR Exp
   57    | Exp . STAR ASSIGNOP Exp
   58    | Exp . DIV Exp
   59    | Exp . DIV ASSIGNOP Exp
   65    | Exp . ArrayList
   66    | Exp . DOT Exp

    LB     偏移，并进入状态 25
    DOT    偏移，并进入状态 65
    PLUS   偏移，并进入状态 66
    MINUS  偏移，并进入状态 67
    STAR   偏移，并进入状态 68
    DIV    偏移，并进入状态 69

    $default  使用规则 49 以归约 (Exp)

    ArrayList  转到状态 73


状态 91

   18 ArrayList: LB Exp RB ArrayList .

    $default  使用规则 18 以归约 (ArrayList)


状态 92

   46 Exp: Exp . ASSIGNOP Exp
   47    | Exp . AND Exp
   48    | Exp . OR Exp
   49    | Exp . RELOP Exp
   50    | Exp . PLUS Exp
   51    | Exp . PLUS PLUS
   52    | Exp . PLUS ASSIGNOP Exp
   53    | Exp . MINUS Exp
   54    | Exp . MINUS MINUS
   55    | Exp . MINUS ASSIGNOP Exp
   56    | Exp . STAR Exp
   57    | Exp . STAR ASSIGNOP Exp
   58    | Exp . DIV Exp
   59    | Exp . DIV ASSIGNOP Exp
   65    | Exp . ArrayList
   66    | Exp . DOT Exp
   66    | Exp DOT Exp .

    $default  使用规则 66 以归约 (Exp)

    ArrayList  转到状态 73


状态 93

   51 Exp: Exp PLUS PLUS .

    $default  使用规则 51 以归约 (Exp)


状态 94

   52 Exp: Exp PLUS ASSIGNOP . Exp

    INT     偏移，并进入状态 38
    ID      偏移，并进入状态 39
    FLOAT   偏移，并进入状态 40
    CHAR    偏移，并进入状态 41
    STRING  偏移，并进入状态 42
    LP      偏移，并进入状态 43
    MINUS   偏移，并进入状态 44
    NOT     偏移，并进入状态 45

    Exp  转到状态 117


状态 95

   46 Exp: Exp . ASSIGNOP Exp
   47    | Exp . AND Exp
   48    | Exp . OR Exp
   49    | Exp . RELOP Exp
   50    | Exp . PLUS Exp
   50    | Exp PLUS Exp .
   51    | Exp . PLUS PLUS
   52    | Exp . PLUS ASSIGNOP Exp
   53    | Exp . MINUS Exp
   54    | Exp . MINUS MINUS
   55    | Exp . MINUS ASSIGNOP Exp
   56    | Exp . STAR Exp
   57    | Exp . STAR ASSIGNOP Exp
   58    | Exp . DIV Exp
   59    | Exp . DIV ASSIGNOP Exp
   65    | Exp . ArrayList
   66    | Exp . DOT Exp

    LB    偏移，并进入状态 25
    DOT   偏移，并进入状态 65
    STAR  偏移，并进入状态 68
    DIV   偏移，并进入状态 69

    $default  使用规则 50 以归约 (Exp)

    ArrayList  转到状态 73


状态 96

   54 Exp: Exp MINUS MINUS .
   61    | MINUS . Exp

    INT     偏移，并进入状态 38
    ID      偏移，并进入状态 39
    FLOAT   偏移，并进入状态 40
    CHAR    偏移，并进入状态 41
    STRING  偏移，并进入状态 42
    LP      偏移，并进入状态 43
    NOT     偏移，并进入状态 45

    $default  使用规则 54 以归约 (Exp)

    Exp  转到状态 61


状态 97

   55 Exp: Exp MINUS ASSIGNOP . Exp

    INT     偏移，并进入状态 38
    ID      偏移，并进入状态 39
    FLOAT   偏移，并进入状态 40
    CHAR    偏移，并进入状态 41
    STRING  偏移，并进入状态 42
    LP      偏移，并进入状态 43
    MINUS   偏移，并进入状态 44
    NOT     偏移，并进入状态 45

    Exp  转到状态 118


状态 98

   46 Exp: Exp . ASSIGNOP Exp
   47    | Exp . AND Exp
   48    | Exp . OR Exp
   49    | Exp . RELOP Exp
   50    | Exp . PLUS Exp
   51    | Exp . PLUS PLUS
   52    | Exp . PLUS ASSIGNOP Exp
   53    | Exp . MINUS Exp
   53    | Exp MINUS Exp .
   54    | Exp . MINUS MINUS
   55    | Exp . MINUS ASSIGNOP Exp
   56    | Exp . STAR Exp
   57    | Exp . STAR ASSIGNOP Exp
   58    | Exp . DIV Exp
   59    | Exp . DIV ASSIGNOP Exp
   65    | Exp . ArrayList
   66    | Exp . DOT Exp

    LB    偏移，并进入状态 25
    DOT   偏移，并进入状态 65
    STAR  偏移，并进入状态 68
    DIV   偏移，并进入状态 69

    $default  使用规则 53 以归约 (Exp)

    ArrayList  转到状态 73


状态 99

   57 Exp: Exp STAR ASSIGNOP . Exp

    INT     偏移，并进入状态 38
    ID      偏移，并进入状态 39
    FLOAT   偏移，并进入状态 40
    CHAR    偏移，并进入状态 41
    STRING  偏移，并进入状态 42
    LP      偏移，并进入状态 43
    MINUS   偏移，并进入状态 44
    NOT     偏移，并进入状态 45

    Exp  转到状态 119


状态 100

   46 Exp: Exp . ASSIGNOP Exp
   47    | Exp . AND Exp
   48    | Exp . OR Exp
   49    | Exp . RELOP Exp
   50    | Exp . PLUS Exp
   51    | Exp . PLUS PLUS
   52    | Exp . PLUS ASSIGNOP Exp
   53    | Exp . MINUS Exp
   54    | Exp . MINUS MINUS
   55    | Exp . MINUS ASSIGNOP Exp
   56    | Exp . STAR Exp
   56    | Exp STAR Exp .
   57    | Exp . STAR ASSIGNOP Exp
   58    | Exp . DIV Exp
   59    | Exp . DIV ASSIGNOP Exp
   65    | Exp . ArrayList
   66    | Exp . DOT Exp

    LB   偏移，并进入状态 25
    DOT  偏移，并进入状态 65

    $default  使用规则 56 以归约 (Exp)

    ArrayList  转到状态 73


状态 101

   59 Exp: Exp DIV ASSIGNOP . Exp

    INT     偏移，并进入状态 38
    ID      偏移，并进入状态 39
    FLOAT   偏移，并进入状态 40
    CHAR    偏移，并进入状态 41
    STRING  偏移，并进入状态 42
    LP      偏移，并进入状态 43
    MINUS   偏移，并进入状态 44
    NOT     偏移，并进入状态 45

    Exp  转到状态 120


状态 102

   46 Exp: Exp . ASSIGNOP Exp
   47    | Exp . AND Exp
   48    | Exp . OR Exp
   49    | Exp . RELOP Exp
   50    | Exp . PLUS Exp
   51    | Exp . PLUS PLUS
   52    | Exp . PLUS ASSIGNOP Exp
   53    | Exp . MINUS Exp
   54    | Exp . MINUS MINUS
   55    | Exp . MINUS ASSIGNOP Exp
   56    | Exp . STAR Exp
   57    | Exp . STAR ASSIGNOP Exp
   58    | Exp . DIV Exp
   58    | Exp DIV Exp .
   59    | Exp . DIV ASSIGNOP Exp
   65    | Exp . ArrayList
   66    | Exp . DOT Exp

    LB   偏移，并进入状态 25
    DOT  偏移，并进入状态 65

    $default  使用规则 58 以归约 (Exp)

    ArrayList  转到状态 73


状态 103

   46 Exp: Exp . ASSIGNOP Exp
   46    | Exp ASSIGNOP Exp .
   47    | Exp . AND Exp
   48    | Exp . OR Exp
   49    | Exp . RELOP Exp
   50    | Exp . PLUS Exp
   51    | Exp . PLUS PLUS
   52    | Exp . PLUS ASSIGNOP Exp
   53    | Exp . MINUS Exp
   54    | Exp . MINUS MINUS
   55    | Exp . MINUS ASSIGNOP Exp
   56    | Exp . STAR Exp
   57    | Exp . STAR ASSIGNOP Exp
   58    | Exp . DIV Exp
   59    | Exp . DIV ASSIGNOP Exp
   65    | Exp . ArrayList
   66    | Exp . DOT Exp

    RELOP     偏移，并进入状态 63
    LB        偏移，并进入状态 25
    DOT       偏移，并进入状态 65
    PLUS      偏移，并进入状态 66
    MINUS     偏移，并进入状态 67
    STAR      偏移，并进入状态 68
    DIV       偏移，并进入状态 69
    ASSIGNOP  偏移，并进入状态 70
    AND       偏移，并进入状态 71
    OR        偏移，并进入状态 72

    $default  使用规则 46 以归约 (Exp)

    ArrayList  转到状态 73


状态 104

   46 Exp: Exp . ASSIGNOP Exp
   47    | Exp . AND Exp
   47    | Exp AND Exp .
   48    | Exp . OR Exp
   49    | Exp . RELOP Exp
   50    | Exp . PLUS Exp
   51    | Exp . PLUS PLUS
   52    | Exp . PLUS ASSIGNOP Exp
   53    | Exp . MINUS Exp
   54    | Exp . MINUS MINUS
   55    | Exp . MINUS ASSIGNOP Exp
   56    | Exp . STAR Exp
   57    | Exp . STAR ASSIGNOP Exp
   58    | Exp . DIV Exp
   59    | Exp . DIV ASSIGNOP Exp
   65    | Exp . ArrayList
   66    | Exp . DOT Exp

    RELOP  偏移，并进入状态 63
    LB     偏移，并进入状态 25
    DOT    偏移，并进入状态 65
    PLUS   偏移，并进入状态 66
    MINUS  偏移，并进入状态 67
    STAR   偏移，并进入状态 68
    DIV    偏移，并进入状态 69

    $default  使用规则 47 以归约 (Exp)

    ArrayList  转到状态 73


状态 105

   46 Exp: Exp . ASSIGNOP Exp
   47    | Exp . AND Exp
   48    | Exp . OR Exp
   48    | Exp OR Exp .
   49    | Exp . RELOP Exp
   50    | Exp . PLUS Exp
   51    | Exp . PLUS PLUS
   52    | Exp . PLUS ASSIGNOP Exp
   53    | Exp . MINUS Exp
   54    | Exp . MINUS MINUS
   55    | Exp . MINUS ASSIGNOP Exp
   56    | Exp . STAR Exp
   57    | Exp . STAR ASSIGNOP Exp
   58    | Exp . DIV Exp
   59    | Exp . DIV ASSIGNOP Exp
   65    | Exp . ArrayList
   66    | Exp . DOT Exp

    RELOP  偏移，并进入状态 63
    LB     偏移，并进入状态 25
    DOT    偏移，并进入状态 65
    PLUS   偏移，并进入状态 66
    MINUS  偏移，并进入状态 67
    STAR   偏移，并进入状态 68
    DIV    偏移，并进入状态 69
    AND    偏移，并进入状态 71

    $default  使用规则 48 以归约 (Exp)

    ArrayList  转到状态 73


状态 106

   33 Stmt: IF LP . Exp RP Stmt
   34     | IF LP . Exp RP Stmt ELSE Stmt

    INT     偏移，并进入状态 38
    ID      偏移，并进入状态 39
    FLOAT   偏移，并进入状态 40
    CHAR    偏移，并进入状态 41
    STRING  偏移，并进入状态 42
    LP      偏移，并进入状态 43
    MINUS   偏移，并进入状态 44
    NOT     偏移，并进入状态 45

    Exp  转到状态 121


状态 107

   35 Stmt: WHILE LP . Exp RP Stmt

    INT     偏移，并进入状态 38
    ID      偏移，并进入状态 39
    FLOAT   偏移，并进入状态 40
    CHAR    偏移，并进入状态 41
    STRING  偏移，并进入状态 42
    LP      偏移，并进入状态 43
    MINUS   偏移，并进入状态 44
    NOT     偏移，并进入状态 45

    Exp  转到状态 122


状态 108

   36 Stmt: FOR LP . ForDec RP Stmt

    INT     偏移，并进入状态 38
    ID      偏移，并进入状态 39
    FLOAT   偏移，并进入状态 40
    CHAR    偏移，并进入状态 41
    STRING  偏移，并进入状态 42
    LP      偏移，并进入状态 43
    SEMI    偏移，并进入状态 123
    MINUS   偏移，并进入状态 44
    NOT     偏移，并进入状态 45

    ForDec  转到状态 124
    Exp     转到状态 125


状态 109

   32 Stmt: RETURN Exp . SEMI
   46 Exp: Exp . ASSIGNOP Exp
   47    | Exp . AND Exp
   48    | Exp . OR Exp
   49    | Exp . RELOP Exp
   50    | Exp . PLUS Exp
   51    | Exp . PLUS PLUS
   52    | Exp . PLUS ASSIGNOP Exp
   53    | Exp . MINUS Exp
   54    | Exp . MINUS MINUS
   55    | Exp . MINUS ASSIGNOP Exp
   56    | Exp . STAR Exp
   57    | Exp . STAR ASSIGNOP Exp
   58    | Exp . DIV Exp
   59    | Exp . DIV ASSIGNOP Exp
   65    | Exp . ArrayList
   66    | Exp . DOT Exp

    RELOP     偏移，并进入状态 63
    LB        偏移，并进入状态 25
    SEMI      偏移，并进入状态 126
    DOT       偏移，并进入状态 65
    PLUS      偏移，并进入状态 66
    MINUS     偏移，并进入状态 67
    STAR      偏移，并进入状态 68
    DIV       偏移，并进入状态 69
    ASSIGNOP  偏移，并进入状态 70
    AND       偏移，并进入状态 71
    OR        偏移，并进入状态 72

    ArrayList  转到状态 73


状态 110

   27 CompSt: LC DefList StmList RC .

    $default  使用规则 27 以归约 (CompSt)


状态 111

   29 StmList: Stmt StmList .

    $default  使用规则 29 以归约 (StmList)


状态 112

   30 Stmt: Exp SEMI .

    $default  使用规则 30 以归约 (Stmt)


状态 113

   45 Dec: VarDec ASSIGNOP Exp .
   46 Exp: Exp . ASSIGNOP Exp
   47    | Exp . AND Exp
   48    | Exp . OR Exp
   49    | Exp . RELOP Exp
   50    | Exp . PLUS Exp
   51    | Exp . PLUS PLUS
   52    | Exp . PLUS ASSIGNOP Exp
   53    | Exp . MINUS Exp
   54    | Exp . MINUS MINUS
   55    | Exp . MINUS ASSIGNOP Exp
   56    | Exp . STAR Exp
   57    | Exp . STAR ASSIGNOP Exp
   58    | Exp . DIV Exp
   59    | Exp . DIV ASSIGNOP Exp
   65    | Exp . ArrayList
   66    | Exp . DOT Exp

    RELOP     偏移，并进入状态 63
    LB        偏移，并进入状态 25
    DOT       偏移，并进入状态 65
    PLUS      偏移，并进入状态 66
    MINUS     偏移，并进入状态 67
    STAR      偏移，并进入状态 68
    DIV       偏移，并进入状态 69
    ASSIGNOP  偏移，并进入状态 70
    AND       偏移，并进入状态 71
    OR        偏移，并进入状态 72

    $default  使用规则 45 以归约 (Dec)

    ArrayList  转到状态 73


状态 114

   43 DecList: Dec COMMA DecList .

    $default  使用规则 43 以归约 (DecList)


状态 115

   72 Args: Exp COMMA . Args

    INT     偏移，并进入状态 38
    ID      偏移，并进入状态 39
    FLOAT   偏移，并进入状态 40
    CHAR    偏移，并进入状态 41
    STRING  偏移，并进入状态 42
    LP      偏移，并进入状态 43
    MINUS   偏移，并进入状态 44
    NOT     偏移，并进入状态 45

    Exp   转到状态 87
    Args  转到状态 127


状态 116

   63 Exp: ID LP Args RP .

    $default  使用规则 63 以归约 (Exp)


状态 117

   46 Exp: Exp . ASSIGNOP Exp
   47    | Exp . AND Exp
   48    | Exp . OR Exp
   49    | Exp . RELOP Exp
   50    | Exp . PLUS Exp
   51    | Exp . PLUS PLUS
   52    | Exp . PLUS ASSIGNOP Exp
   52    | Exp PLUS ASSIGNOP Exp .
   53    | Exp . MINUS Exp
   54    | Exp . MINUS MINUS
   55    | Exp . MINUS ASSIGNOP Exp
   56    | Exp . STAR Exp
   57    | Exp . STAR ASSIGNOP Exp
   58    | Exp . DIV Exp
   59    | Exp . DIV ASSIGNOP Exp
   65    | Exp . ArrayList
   66    | Exp . DOT Exp

    RELOP     偏移，并进入状态 63
    LB        偏移，并进入状态 25
    DOT       偏移，并进入状态 65
    PLUS      偏移，并进入状态 66
    MINUS     偏移，并进入状态 67
    STAR      偏移，并进入状态 68
    DIV       偏移，并进入状态 69
    ASSIGNOP  偏移，并进入状态 70
    AND       偏移，并进入状态 71
    OR        偏移，并进入状态 72

    $default  使用规则 52 以归约 (Exp)

    ArrayList  转到状态 73


状态 118

   46 Exp: Exp . ASSIGNOP Exp
   47    | Exp . AND Exp
   48    | Exp . OR Exp
   49    | Exp . RELOP Exp
   50    | Exp . PLUS Exp
   51    | Exp . PLUS PLUS
   52    | Exp . PLUS ASSIGNOP Exp
   53    | Exp . MINUS Exp
   54    | Exp . MINUS MINUS
   55    | Exp . MINUS ASSIGNOP Exp
   55    | Exp MINUS ASSIGNOP Exp .
   56    | Exp . STAR Exp
   57    | Exp . STAR ASSIGNOP Exp
   58    | Exp . DIV Exp
   59    | Exp . DIV ASSIGNOP Exp
   65    | Exp . ArrayList
   66    | Exp . DOT Exp

    RELOP     偏移，并进入状态 63
    LB        偏移，并进入状态 25
    DOT       偏移，并进入状态 65
    PLUS      偏移，并进入状态 66
    MINUS     偏移，并进入状态 67
    STAR      偏移，并进入状态 68
    DIV       偏移，并进入状态 69
    ASSIGNOP  偏移，并进入状态 70
    AND       偏移，并进入状态 71
    OR        偏移，并进入状态 72

    $default  使用规则 55 以归约 (Exp)

    ArrayList  转到状态 73


状态 119

   46 Exp: Exp . ASSIGNOP Exp
   47    | Exp . AND Exp
   48    | Exp . OR Exp
   49    | Exp . RELOP Exp
   50    | Exp . PLUS Exp
   51    | Exp . PLUS PLUS
   52    | Exp . PLUS ASSIGNOP Exp
   53    | Exp . MINUS Exp
   54    | Exp . MINUS MINUS
   55    | Exp . MINUS ASSIGNOP Exp
   56    | Exp . STAR Exp
   57    | Exp . STAR ASSIGNOP Exp
   57    | Exp STAR ASSIGNOP Exp .
   58    | Exp . DIV Exp
   59    | Exp . DIV ASSIGNOP Exp
   65    | Exp . ArrayList
   66    | Exp . DOT Exp

    RELOP     偏移，并进入状态 63
    LB        偏移，并进入状态 25
    DOT       偏移，并进入状态 65
    PLUS      偏移，并进入状态 66
    MINUS     偏移，并进入状态 67
    STAR      偏移，并进入状态 68
    DIV       偏移，并进入状态 69
    ASSIGNOP  偏移，并进入状态 70
    AND       偏移，并进入状态 71
    OR        偏移，并进入状态 72

    $default  使用规则 57 以归约 (Exp)

    ArrayList  转到状态 73


状态 120

   46 Exp: Exp . ASSIGNOP Exp
   47    | Exp . AND Exp
   48    | Exp . OR Exp
   49    | Exp . RELOP Exp
   50    | Exp . PLUS Exp
   51    | Exp . PLUS PLUS
   52    | Exp . PLUS ASSIGNOP Exp
   53    | Exp . MINUS Exp
   54    | Exp . MINUS MINUS
   55    | Exp . MINUS ASSIGNOP Exp
   56    | Exp . STAR Exp
   57    | Exp . STAR ASSIGNOP Exp
   58    | Exp . DIV Exp
   59    | Exp . DIV ASSIGNOP Exp
   59    | Exp DIV ASSIGNOP Exp .
   65    | Exp . ArrayList
   66    | Exp . DOT Exp

    RELOP     偏移，并进入状态 63
    LB        偏移，并进入状态 25
    DOT       偏移，并进入状态 65
    PLUS      偏移，并进入状态 66
    MINUS     偏移，并进入状态 67
    STAR      偏移，并进入状态 68
    DIV       偏移，并进入状态 69
    ASSIGNOP  偏移，并进入状态 70
    AND       偏移，并进入状态 71
    OR        偏移，并进入状态 72

    $default  使用规则 59 以归约 (Exp)

    ArrayList  转到状态 73


状态 121

   33 Stmt: IF LP Exp . RP Stmt
   34     | IF LP Exp . RP Stmt ELSE Stmt
   46 Exp: Exp . ASSIGNOP Exp
   47    | Exp . AND Exp
   48    | Exp . OR Exp
   49    | Exp . RELOP Exp
   50    | Exp . PLUS Exp
   51    | Exp . PLUS PLUS
   52    | Exp . PLUS ASSIGNOP Exp
   53    | Exp . MINUS Exp
   54    | Exp . MINUS MINUS
   55    | Exp . MINUS ASSIGNOP Exp
   56    | Exp . STAR Exp
   57    | Exp . STAR ASSIGNOP Exp
   58    | Exp . DIV Exp
   59    | Exp . DIV ASSIGNOP Exp
   65    | Exp . ArrayList
   66    | Exp . DOT Exp

    RELOP     偏移，并进入状态 63
    RP        偏移，并进入状态 128
    LB        偏移，并进入状态 25
    DOT       偏移，并进入状态 65
    PLUS      偏移，并进入状态 66
    MINUS     偏移，并进入状态 67
    STAR      偏移，并进入状态 68
    DIV       偏移，并进入状态 69
    ASSIGNOP  偏移，并进入状态 70
    AND       偏移，并进入状态 71
    OR        偏移，并进入状态 72

    ArrayList  转到状态 73


状态 122

   35 Stmt: WHILE LP Exp . RP Stmt
   46 Exp: Exp . ASSIGNOP Exp
   47    | Exp . AND Exp
   48    | Exp . OR Exp
   49    | Exp . RELOP Exp
   50    | Exp . PLUS Exp
   51    | Exp . PLUS PLUS
   52    | Exp . PLUS ASSIGNOP Exp
   53    | Exp . MINUS Exp
   54    | Exp . MINUS MINUS
   55    | Exp . MINUS ASSIGNOP Exp
   56    | Exp . STAR Exp
   57    | Exp . STAR ASSIGNOP Exp
   58    | Exp . DIV Exp
   59    | Exp . DIV ASSIGNOP Exp
   65    | Exp . ArrayList
   66    | Exp . DOT Exp

    RELOP     偏移，并进入状态 63
    RP        偏移，并进入状态 129
    LB        偏移，并进入状态 25
    DOT       偏移，并进入状态 65
    PLUS      偏移，并进入状态 66
    MINUS     偏移，并进入状态 67
    STAR      偏移，并进入状态 68
    DIV       偏移，并进入状态 69
    ASSIGNOP  偏移，并进入状态 70
    AND       偏移，并进入状态 71
    OR        偏移，并进入状态 72

    ArrayList  转到状态 73


状态 123

   38 ForDec: SEMI . Exp SEMI

    INT     偏移，并进入状态 38
    ID      偏移，并进入状态 39
    FLOAT   偏移，并进入状态 40
    CHAR    偏移，并进入状态 41
    STRING  偏移，并进入状态 42
    LP      偏移，并进入状态 43
    MINUS   偏移，并进入状态 44
    NOT     偏移，并进入状态 45

    Exp  转到状态 130


状态 124

   36 Stmt: FOR LP ForDec . RP Stmt

    RP  偏移，并进入状态 131


状态 125

   37 ForDec: Exp . SEMI Exp SEMI Exp
   46 Exp: Exp . ASSIGNOP Exp
   47    | Exp . AND Exp
   48    | Exp . OR Exp
   49    | Exp . RELOP Exp
   50    | Exp . PLUS Exp
   51    | Exp . PLUS PLUS
   52    | Exp . PLUS ASSIGNOP Exp
   53    | Exp . MINUS Exp
   54    | Exp . MINUS MINUS
   55    | Exp . MINUS ASSIGNOP Exp
   56    | Exp . STAR Exp
   57    | Exp . STAR ASSIGNOP Exp
   58    | Exp . DIV Exp
   59    | Exp . DIV ASSIGNOP Exp
   65    | Exp . ArrayList
   66    | Exp . DOT Exp

    RELOP     偏移，并进入状态 63
    LB        偏移，并进入状态 25
    SEMI      偏移，并进入状态 132
    DOT       偏移，并进入状态 65
    PLUS      偏移，并进入状态 66
    MINUS     偏移，并进入状态 67
    STAR      偏移，并进入状态 68
    DIV       偏移，并进入状态 69
    ASSIGNOP  偏移，并进入状态 70
    AND       偏移，并进入状态 71
    OR        偏移，并进入状态 72

    ArrayList  转到状态 73


状态 126

   32 Stmt: RETURN Exp SEMI .

    $default  使用规则 32 以归约 (Stmt)


状态 127

   72 Args: Exp COMMA Args .

    $default  使用规则 72 以归约 (Args)


状态 128

   33 Stmt: IF LP Exp RP . Stmt
   34     | IF LP Exp RP . Stmt ELSE Stmt

    INT     偏移，并进入状态 38
    ID      偏移，并进入状态 39
    FLOAT   偏移，并进入状态 40
    CHAR    偏移，并进入状态 41
    STRING  偏移，并进入状态 42
    LP      偏移，并进入状态 43
    LC      偏移，并进入状态 28
    MINUS   偏移，并进入状态 44
    NOT     偏移，并进入状态 45
    IF      偏移，并进入状态 74
    WHILE   偏移，并进入状态 75
    FOR     偏移，并进入状态 76
    RETURN  偏移，并进入状态 77

    CompSt  转到状态 78
    Stmt    转到状态 133
    Exp     转到状态 81


状态 129

   35 Stmt: WHILE LP Exp RP . Stmt

    INT     偏移，并进入状态 38
    ID      偏移，并进入状态 39
    FLOAT   偏移，并进入状态 40
    CHAR    偏移，并进入状态 41
    STRING  偏移，并进入状态 42
    LP      偏移，并进入状态 43
    LC      偏移，并进入状态 28
    MINUS   偏移，并进入状态 44
    NOT     偏移，并进入状态 45
    IF      偏移，并进入状态 74
    WHILE   偏移，并进入状态 75
    FOR     偏移，并进入状态 76
    RETURN  偏移，并进入状态 77

    CompSt  转到状态 78
    Stmt    转到状态 134
    Exp     转到状态 81


状态 130

   38 ForDec: SEMI Exp . SEMI
   46 Exp: Exp . ASSIGNOP Exp
   47    | Exp . AND Exp
   48    | Exp . OR Exp
   49    | Exp . RELOP Exp
   50    | Exp . PLUS Exp
   51    | Exp . PLUS PLUS
   52    | Exp . PLUS ASSIGNOP Exp
   53    | Exp . MINUS Exp
   54    | Exp . MINUS MINUS
   55    | Exp . MINUS ASSIGNOP Exp
   56    | Exp . STAR Exp
   57    | Exp . STAR ASSIGNOP Exp
   58    | Exp . DIV Exp
   59    | Exp . DIV ASSIGNOP Exp
   65    | Exp . ArrayList
   66    | Exp . DOT Exp

    RELOP     偏移，并进入状态 63
    LB        偏移，并进入状态 25
    SEMI      偏移，并进入状态 135
    DOT       偏移，并进入状态 65
    PLUS      偏移，并进入状态 66
    MINUS     偏移，并进入状态 67
    STAR      偏移，并进入状态 68
    DIV       偏移，并进入状态 69
    ASSIGNOP  偏移，并进入状态 70
    AND       偏移，并进入状态 71
    OR        偏移，并进入状态 72

    ArrayList  转到状态 73


状态 131

   36 Stmt: FOR LP ForDec RP . Stmt

    INT     偏移，并进入状态 38
    ID      偏移，并进入状态 39
    FLOAT   偏移，并进入状态 40
    CHAR    偏移，并进入状态 41
    STRING  偏移，并进入状态 42
    LP      偏移，并进入状态 43
    LC      偏移，并进入状态 28
    MINUS   偏移，并进入状态 44
    NOT     偏移，并进入状态 45
    IF      偏移，并进入状态 74
    WHILE   偏移，并进入状态 75
    FOR     偏移，并进入状态 76
    RETURN  偏移，并进入状态 77

    CompSt  转到状态 78
    Stmt    转到状态 136
    Exp     转到状态 81


状态 132

   37 ForDec: Exp SEMI . Exp SEMI Exp

    INT     偏移，并进入状态 38
    ID      偏移，并进入状态 39
    FLOAT   偏移，并进入状态 40
    CHAR    偏移，并进入状态 41
    STRING  偏移，并进入状态 42
    LP      偏移，并进入状态 43
    MINUS   偏移，并进入状态 44
    NOT     偏移，并进入状态 45

    Exp  转到状态 137


状态 133

   33 Stmt: IF LP Exp RP Stmt .
   34     | IF LP Exp RP Stmt . ELSE Stmt

    ELSE  偏移，并进入状态 138

    $default  使用规则 33 以归约 (Stmt)


状态 134

   35 Stmt: WHILE LP Exp RP Stmt .

    $default  使用规则 35 以归约 (Stmt)


状态 135

   38 ForDec: SEMI Exp SEMI .

    $default  使用规则 38 以归约 (ForDec)


状态 136

   36 Stmt: FOR LP ForDec RP Stmt .

    $default  使用规则 36 以归约 (Stmt)


状态 137

   37 ForDec: Exp SEMI Exp . SEMI Exp
   46 Exp: Exp . ASSIGNOP Exp
   47    | Exp . AND Exp
   48    | Exp . OR Exp
   49    | Exp . RELOP Exp
   50    | Exp . PLUS Exp
   51    | Exp . PLUS PLUS
   52    | Exp . PLUS ASSIGNOP Exp
   53    | Exp . MINUS Exp
   54    | Exp . MINUS MINUS
   55    | Exp . MINUS ASSIGNOP Exp
   56    | Exp . STAR Exp
   57    | Exp . STAR ASSIGNOP Exp
   58    | Exp . DIV Exp
   59    | Exp . DIV ASSIGNOP Exp
   65    | Exp . ArrayList
   66    | Exp . DOT Exp

    RELOP     偏移，并进入状态 63
    LB        偏移，并进入状态 25
    SEMI      偏移，并进入状态 139
    DOT       偏移，并进入状态 65
    PLUS      偏移，并进入状态 66
    MINUS     偏移，并进入状态 67
    STAR      偏移，并进入状态 68
    DIV       偏移，并进入状态 69
    ASSIGNOP  偏移，并进入状态 70
    AND       偏移，并进入状态 71
    OR        偏移，并进入状态 72

    ArrayList  转到状态 73


状态 138

   34 Stmt: IF LP Exp RP Stmt ELSE . Stmt

    INT     偏移，并进入状态 38
    ID      偏移，并进入状态 39
    FLOAT   偏移，并进入状态 40
    CHAR    偏移，并进入状态 41
    STRING  偏移，并进入状态 42
    LP      偏移，并进入状态 43
    LC      偏移，并进入状态 28
    MINUS   偏移，并进入状态 44
    NOT     偏移，并进入状态 45
    IF      偏移，并进入状态 74
    WHILE   偏移，并进入状态 75
    FOR     偏移，并进入状态 76
    RETURN  偏移，并进入状态 77

    CompSt  转到状态 78
    Stmt    转到状态 140
    Exp     转到状态 81


状态 139

   37 ForDec: Exp SEMI Exp SEMI . Exp

    INT     偏移，并进入状态 38
    ID      偏移，并进入状态 39
    FLOAT   偏移，并进入状态 40
    CHAR    偏移，并进入状态 41
    STRING  偏移，并进入状态 42
    LP      偏移，并进入状态 43
    MINUS   偏移，并进入状态 44
    NOT     偏移，并进入状态 45

    Exp  转到状态 141


状态 140

   34 Stmt: IF LP Exp RP Stmt ELSE Stmt .

    $default  使用规则 34 以归约 (Stmt)


状态 141

   37 ForDec: Exp SEMI Exp SEMI Exp .
   46 Exp: Exp . ASSIGNOP Exp
   47    | Exp . AND Exp
   48    | Exp . OR Exp
   49    | Exp . RELOP Exp
   50    | Exp . PLUS Exp
   51    | Exp . PLUS PLUS
   52    | Exp . PLUS ASSIGNOP Exp
   53    | Exp . MINUS Exp
   54    | Exp . MINUS MINUS
   55    | Exp . MINUS ASSIGNOP Exp
   56    | Exp . STAR Exp
   57    | Exp . STAR ASSIGNOP Exp
   58    | Exp . DIV Exp
   59    | Exp . DIV ASSIGNOP Exp
   65    | Exp . ArrayList
   66    | Exp . DOT Exp

    RELOP     偏移，并进入状态 63
    LB        偏移，并进入状态 25
    DOT       偏移，并进入状态 65
    PLUS      偏移，并进入状态 66
    MINUS     偏移，并进入状态 67
    STAR      偏移，并进入状态 68
    DIV       偏移，并进入状态 69
    ASSIGNOP  偏移，并进入状态 70
    AND       偏移，并进入状态 71
    OR        偏移，并进入状态 72

    $default  使用规则 37 以归约 (ForDec)

    ArrayList  转到状态 73
